#
# A fatal error has been detected by the Java Runtime Environment:
#
#  Internal Error (sharedRuntime.cpp:531), pid=6112, tid=8451
#  guarantee(cb != NULL && cb->is_compiled()) failed: safepoint polling: pc must refer to an nmethod
#
# JRE version: Java(TM) SE Runtime Environment (15.0.2+7) (build 15.0.2+7-27)
# Java VM: Java HotSpot(TM) 64-Bit Server VM (15.0.2+7-27, mixed mode, sharing, tiered, compressed oops, g1 gc, bsd-amd64)
# No core dump will be written. Core dumps have been disabled. To enable core dumping, try "ulimit -c unlimited" before starting Java again
#
# If you would like to submit a bug report, please visit:
#   https://bugreport.java.com/bugreport/crash.jsp
#

---------------  S U M M A R Y ------------

Command Line: -agentpath:/private/var/folders/v4/vz_zf1611fj4q03gd41m86jw0000gp/T/libasyncProfiler.so=start,jfr,interval=1ms,framebuf=15000000,file=/private/var/folders/v4/vz_zf1611fj4q03gd41m86jw0000gp/T/asyncprofiler.jfr -javaagent:/Applications/IntelliJ IDEA.app/Contents/lib/idea_rt.jar=56305:/Applications/IntelliJ IDEA.app/Contents/bin -Dfile.encoding=UTF-8 QSortRecursionLimitTest

Host: Macmini9,1 x86_64 2400 MHz, 8 cores, 16G, Darwin 20.3.0
Time: Sat Mar 13 01:32:59 2021 PST elapsed time: 805.127929 seconds (0d 0h 13m 25s)

---------------  T H R E A D  ---------------

Current thread (0x00007fc78f80de00):  JavaThread "main" [_thread_in_Java, id=8451, stack(0x000000030a3bf000,0x000000030a4bf000)]

Stack: [0x000000030a3bf000,0x000000030a4bf000],  sp=0x000000030a4bc620,  free space=1013k
Native frames: (J=compiled Java code, A=aot compiled Java code, j=interpreted, Vv=VM code, C=native code)
V  [libjvm.dylib+0x9fe4cf]  _ZN7VMError14report_and_dieEiPKcS1_P13__va_list_tagP6ThreadPhPvS7_S1_im+0x6af
V  [libjvm.dylib+0x9feba1]  _ZN7VMError14report_and_dieEP6ThreadPvPKciS4_S4_P13__va_list_tag+0x41
V  [libjvm.dylib+0x2ff3aa]  _Z15report_vm_errorPKciS0_S0_z+0xaa
V  [libjvm.dylib+0x8c1245]  _ZN13SharedRuntime13get_poll_stubEPh+0x45
V  [libjvm.dylib+0x82e1cd]  JVM_handle_bsd_signal+0x4bd
V  [libjvm.dylib+0x82ae5d]  _ZL13signalHandleriP9__siginfoPv+0x2d
C  [libsystem_platform.dylib+0x3d7d]  _sigtramp+0x1d


---------------  P R O C E S S  ---------------

Threads class SMR info:
_java_thread_list=0x00007fc78ed2ffc0, length=12, elements={
0x00007fc78f80de00, 0x00007fc790009c00, 0x00007fc78f81aa00, 0x00007fc79080d400,
0x00007fc790815a00, 0x00007fc78f0de200, 0x00007fc78f0de800, 0x00007fc78f0dee00,
0x00007fc79000a800, 0x00007fc79081b200, 0x00007fc790810800, 0x00007fc78fd66e00
}

Java Threads: ( => current thread )
=>0x00007fc78f80de00 JavaThread "main" [_thread_in_Java, id=8451, stack(0x000000030a3bf000,0x000000030a4bf000)]
  0x00007fc790009c00 JavaThread "Reference Handler" daemon [_thread_blocked, id=16899, stack(0x000000030aad4000,0x000000030abd4000)]
  0x00007fc78f81aa00 JavaThread "Finalizer" daemon [_thread_blocked, id=42755, stack(0x000000030abd7000,0x000000030acd7000)]
  0x00007fc79080d400 JavaThread "Signal Dispatcher" daemon [_thread_blocked, id=24835, stack(0x000000030adeb000,0x000000030aeeb000)]
  0x00007fc790815a00 JavaThread "Service Thread" daemon [_thread_blocked, id=40195, stack(0x000000030aeee000,0x000000030afee000)]
  0x00007fc78f0de200 JavaThread "C2 CompilerThread0" daemon [_thread_blocked, id=25603, stack(0x000000030aff1000,0x000000030b0f1000)]
  0x00007fc78f0de800 JavaThread "C1 CompilerThread0" daemon [_thread_blocked, id=25859, stack(0x000000030b0f4000,0x000000030b1f4000)]
  0x00007fc78f0dee00 JavaThread "Sweeper thread" daemon [_thread_blocked, id=38659, stack(0x000000030b1f7000,0x000000030b2f7000)]
  0x00007fc79000a800 JavaThread "Common-Cleaner" daemon [_thread_blocked, id=37891, stack(0x000000030b2fa000,0x000000030b3fa000)]
  0x00007fc79081b200 JavaThread "Monitor Ctrl-Break" daemon [_thread_in_native, id=28931, stack(0x000000030b480000,0x000000030b580000)]
  0x00007fc790810800 JavaThread "Notification Thread" daemon [_thread_blocked, id=35843, stack(0x000000030b583000,0x000000030b683000)]
  0x00007fc78fd66e00 JavaThread "Attach Listener" daemon [_thread_blocked, id=83203, stack(0x000000030c3ad000,0x000000030c4ad000)]

Other Threads:
  0x00007fc78ec33710 VMThread "VM Thread" [stack: 0x000000030a9d1000,0x000000030aad1000] [id=17411] _threads_hazard_ptr=0x00007fc78ed2ffc0
  0x00007fc75ec05a60 WatcherThread [stack: 0x000000030b686000,0x000000030b786000] [id=29447]
  0x00007fc78ed28950 GCTaskThread "GC Thread#0" [stack: 0x000000030a4c2000,0x000000030a5c2000] [id=14339]
  0x00007fc78ee2a3f0 GCTaskThread "GC Thread#1" [stack: 0x000000030be9e000,0x000000030bf9e000] [id=85303]
  0x00007fc78ee2b3a0 GCTaskThread "GC Thread#2" [stack: 0x000000030bfa1000,0x000000030c0a1000] [id=44803]
  0x00007fc78ee2c3c0 GCTaskThread "GC Thread#3" [stack: 0x000000030c0a4000,0x000000030c1a4000] [id=45059]
  0x00007fc78ee2d3e0 GCTaskThread "GC Thread#4" [stack: 0x000000030c1a7000,0x000000030c2a7000] [id=45571]
  0x00007fc78ee2e3d0 GCTaskThread "GC Thread#5" [stack: 0x000000030c2aa000,0x000000030c3aa000] [id=84739]
  0x00007fc75ec1bdb0 GCTaskThread "GC Thread#6" [stack: 0x000000030c4b0000,0x000000030c5b0000] [id=82563]
  0x00007fc75ee662b0 GCTaskThread "GC Thread#7" [stack: 0x000000030c5b3000,0x000000030c6b3000] [id=82179]
  0x00007fc78ed29b20 ConcurrentGCThread "G1 Main Marker" [stack: 0x000000030a5c5000,0x000000030a6c5000] [id=18691]
  0x00007fc78ec08ec0 ConcurrentGCThread "G1 Conc#0" [stack: 0x000000030a6c8000,0x000000030a7c8000] [id=18179]
  0x00007fc75ee90640 ConcurrentGCThread "G1 Conc#1" [stack: 0x000000030c6b6000,0x000000030c7b6000] [id=81415]
  0x00007fc78ec25ab0 ConcurrentGCThread "G1 Refine#0" [stack: 0x000000030a7cb000,0x000000030a8cb000] [id=17923]
  0x00007fc75ee5e4c0 ConcurrentGCThread "G1 Refine#1" [stack: 0x000000030b789000,0x000000030b889000] [id=35087]
  0x00007fc75ec09160 ConcurrentGCThread "G1 Refine#2" [stack: 0x000000030b88c000,0x000000030b98c000] [id=31263]
  0x00007fc78ee27b60 ConcurrentGCThread "G1 Refine#3" [stack: 0x000000030b98f000,0x000000030ba8f000] [id=34307]
  0x00007fc75ec09e70 ConcurrentGCThread "G1 Refine#4" [stack: 0x000000030ba92000,0x000000030bb92000] [id=32003]
  0x00007fc78ee288d0 ConcurrentGCThread "G1 Refine#5" [stack: 0x000000030bb95000,0x000000030bc95000] [id=33027]
  0x00007fc75ec0ac60 ConcurrentGCThread "G1 Refine#6" [stack: 0x000000030bc98000,0x000000030bd98000] [id=32775]
  0x00007fc76ec08a60 ConcurrentGCThread "G1 Refine#7" [stack: 0x000000030bd9b000,0x000000030be9b000] [id=86531]
  0x00007fc78ed2acc0 ConcurrentGCThread "G1 Young RemSet Sampling" [stack: 0x000000030a8ce000,0x000000030a9ce000] [id=15619]

Threads with active compile tasks:

VM state: synchronizing (normal execution)

VM Mutex/Monitor currently owned by a thread:  ([mutex/lock_event])
[0x00007fc78ed17890] Threads_lock - owner thread: 0x00007fc78ec33710
[0x00007fc78ed18550] Heap_lock - owner thread: 0x00007fc78ed29b20

Heap address: 0x0000000700000000, size: 4096 MB, Compressed Oops mode: Zero based, Oop shift amount: 3
CDS archive(s) mapped at: [0x0000000800000000-0x0000000800b2d000-0x0000000800b2d000), size 11718656, SharedBaseAddress: 0x0000000800000000, ArchiveRelocationMode: 0.
Compressed class space mapped at: 0x0000000800b30000-0x0000000840b30000, size: 1073741824
Narrow klass base: 0x0000000800000000, Narrow klass shift: 3, Narrow klass range: 0x100000000

GC Precious Log:
 CPUs: 8 total, 8 available
 Memory: 16384M
 Large Page Support: Disabled
 NUMA Support: Disabled
 Compressed Oops: Enabled (Zero based)
 Heap Region Size: 2M
 Heap Min Capacity: 8M
 Heap Initial Capacity: 256M
 Heap Max Capacity: 4G
 Pre-touch: Disabled
 Parallel Workers: 8
 Concurrent Workers: 2
 Concurrent Refinement Workers: 8
 Periodic GC: Disabled

Heap:
 garbage-first heap   total 505856K, used 303104K [0x0000000700000000, 0x0000000800000000)
  region size 2048K, 3 young (6144K), 2 survivors (4096K)
 Metaspace       used 1064K, capacity 4586K, committed 4864K, reserved 1056768K
  class space    used 98K, capacity 394K, committed 512K, reserved 1048576K

Heap Regions: E=young(eden), S=young(survivor), O=old, HS=humongous(starts), HC=humongous(continues), CS=collection set, F=free, OA=open archive, CA=closed archive, TAMS=top-at-mark-start (previous, next)
|   0|0x0000000700000000, 0x0000000700200000, 0x0000000700200000|100%| O|  |TAMS 0x0000000700200000, 0x0000000700200000| Untracked 
|   1|0x0000000700200000, 0x0000000700400000, 0x0000000700400000|100%| O|  |TAMS 0x0000000700400000, 0x0000000700400000| Untracked 
|   2|0x0000000700400000, 0x0000000700600000, 0x0000000700600000|100%| O|  |TAMS 0x0000000700600000, 0x0000000700600000| Untracked 
|   3|0x0000000700600000, 0x0000000700800000, 0x0000000700800000|100%| O|  |TAMS 0x0000000700800000, 0x0000000700800000| Untracked 
|   4|0x0000000700800000, 0x0000000700a00000, 0x0000000700a00000|100%| O|  |TAMS 0x0000000700a00000, 0x0000000700a00000| Untracked 
|   5|0x0000000700a00000, 0x0000000700c00000, 0x0000000700c00000|100%| O|  |TAMS 0x0000000700c00000, 0x0000000700c00000| Untracked 
|   6|0x0000000700c00000, 0x0000000700e00000, 0x0000000700e00000|100%| O|  |TAMS 0x0000000700e00000, 0x0000000700e00000| Untracked 
|   7|0x0000000700e00000, 0x0000000701000000, 0x0000000701000000|100%| O|  |TAMS 0x0000000701000000, 0x0000000701000000| Untracked 
|   8|0x0000000701000000, 0x0000000701200000, 0x0000000701200000|100%| O|  |TAMS 0x0000000701200000, 0x0000000701200000| Untracked 
|   9|0x0000000701200000, 0x0000000701400000, 0x0000000701400000|100%| O|  |TAMS 0x0000000701400000, 0x0000000701400000| Untracked 
|  10|0x0000000701400000, 0x0000000701600000, 0x0000000701600000|100%| O|  |TAMS 0x0000000701600000, 0x0000000701600000| Untracked 
|  11|0x0000000701600000, 0x0000000701800000, 0x0000000701800000|100%| O|  |TAMS 0x0000000701800000, 0x0000000701800000| Untracked 
|  12|0x0000000701800000, 0x0000000701a00000, 0x0000000701a00000|100%| O|  |TAMS 0x0000000701a00000, 0x0000000701a00000| Untracked 
|  13|0x0000000701a00000, 0x0000000701c00000, 0x0000000701c00000|100%| O|  |TAMS 0x0000000701c00000, 0x0000000701c00000| Untracked 
|  14|0x0000000701c00000, 0x0000000701e00000, 0x0000000701e00000|100%| O|  |TAMS 0x0000000701e00000, 0x0000000701e00000| Untracked 
|  15|0x0000000701e00000, 0x0000000702000000, 0x0000000702000000|100%| O|  |TAMS 0x0000000702000000, 0x0000000702000000| Untracked 
|  16|0x0000000702000000, 0x0000000702200000, 0x0000000702200000|100%| O|  |TAMS 0x0000000702200000, 0x0000000702200000| Untracked 
|  17|0x0000000702200000, 0x0000000702400000, 0x0000000702400000|100%| O|  |TAMS 0x0000000702400000, 0x0000000702400000| Untracked 
|  18|0x0000000702400000, 0x0000000702600000, 0x0000000702600000|100%| O|  |TAMS 0x0000000702600000, 0x0000000702600000| Untracked 
|  19|0x0000000702600000, 0x0000000702800000, 0x0000000702800000|100%| O|  |TAMS 0x0000000702800000, 0x0000000702800000| Untracked 
|  20|0x0000000702800000, 0x0000000702a00000, 0x0000000702a00000|100%| O|  |TAMS 0x0000000702a00000, 0x0000000702a00000| Untracked 
|  21|0x0000000702a00000, 0x0000000702c00000, 0x0000000702c00000|100%| O|  |TAMS 0x0000000702c00000, 0x0000000702c00000| Untracked 
|  22|0x0000000702c00000, 0x0000000702e00000, 0x0000000702e00000|100%| O|  |TAMS 0x0000000702e00000, 0x0000000702e00000| Untracked 
|  23|0x0000000702e00000, 0x0000000703000000, 0x0000000703000000|100%| O|  |TAMS 0x0000000703000000, 0x0000000703000000| Untracked 
|  24|0x0000000703000000, 0x0000000703200000, 0x0000000703200000|100%| O|  |TAMS 0x0000000703200000, 0x0000000703200000| Untracked 
|  25|0x0000000703200000, 0x0000000703400000, 0x0000000703400000|100%| O|  |TAMS 0x0000000703400000, 0x0000000703400000| Untracked 
|  26|0x0000000703400000, 0x0000000703600000, 0x0000000703600000|100%| O|  |TAMS 0x0000000703600000, 0x0000000703600000| Untracked 
|  27|0x0000000703600000, 0x0000000703800000, 0x0000000703800000|100%| O|  |TAMS 0x0000000703800000, 0x0000000703800000| Untracked 
|  28|0x0000000703800000, 0x0000000703a00000, 0x0000000703a00000|100%| O|  |TAMS 0x0000000703a00000, 0x0000000703a00000| Untracked 
|  29|0x0000000703a00000, 0x0000000703c00000, 0x0000000703c00000|100%| O|  |TAMS 0x0000000703c00000, 0x0000000703c00000| Untracked 
|  30|0x0000000703c00000, 0x0000000703e00000, 0x0000000703e00000|100%| O|  |TAMS 0x0000000703e00000, 0x0000000703e00000| Untracked 
|  31|0x0000000703e00000, 0x0000000704000000, 0x0000000704000000|100%| O|  |TAMS 0x0000000704000000, 0x0000000704000000| Untracked 
|  32|0x0000000704000000, 0x0000000704200000, 0x0000000704200000|100%| O|  |TAMS 0x0000000704200000, 0x0000000704200000| Untracked 
|  33|0x0000000704200000, 0x0000000704400000, 0x0000000704400000|100%| O|  |TAMS 0x0000000704400000, 0x0000000704400000| Untracked 
|  34|0x0000000704400000, 0x0000000704600000, 0x0000000704600000|100%| O|  |TAMS 0x0000000704600000, 0x0000000704600000| Untracked 
|  35|0x0000000704600000, 0x0000000704800000, 0x0000000704800000|100%| O|  |TAMS 0x0000000704800000, 0x0000000704800000| Untracked 
|  36|0x0000000704800000, 0x0000000704a00000, 0x0000000704a00000|100%| O|  |TAMS 0x0000000704a00000, 0x0000000704a00000| Untracked 
|  37|0x0000000704a00000, 0x0000000704c00000, 0x0000000704c00000|100%| O|  |TAMS 0x0000000704c00000, 0x0000000704c00000| Untracked 
|  38|0x0000000704c00000, 0x0000000704e00000, 0x0000000704e00000|100%| O|  |TAMS 0x0000000704e00000, 0x0000000704e00000| Untracked 
|  39|0x0000000704e00000, 0x0000000705000000, 0x0000000705000000|100%| O|  |TAMS 0x0000000705000000, 0x0000000705000000| Untracked 
|  40|0x0000000705000000, 0x0000000705200000, 0x0000000705200000|100%| O|  |TAMS 0x0000000705200000, 0x0000000705200000| Untracked 
|  41|0x0000000705200000, 0x0000000705400000, 0x0000000705400000|100%| O|  |TAMS 0x0000000705400000, 0x0000000705400000| Untracked 
|  42|0x0000000705400000, 0x0000000705600000, 0x0000000705600000|100%| O|  |TAMS 0x0000000705600000, 0x0000000705600000| Untracked 
|  43|0x0000000705600000, 0x0000000705800000, 0x0000000705800000|100%| O|  |TAMS 0x0000000705800000, 0x0000000705800000| Untracked 
|  44|0x0000000705800000, 0x0000000705a00000, 0x0000000705a00000|100%| O|  |TAMS 0x0000000705a00000, 0x0000000705a00000| Untracked 
|  45|0x0000000705a00000, 0x0000000705c00000, 0x0000000705c00000|100%| O|  |TAMS 0x0000000705c00000, 0x0000000705c00000| Untracked 
|  46|0x0000000705c00000, 0x0000000705e00000, 0x0000000705e00000|100%| O|  |TAMS 0x0000000705e00000, 0x0000000705e00000| Untracked 
|  47|0x0000000705e00000, 0x0000000706000000, 0x0000000706000000|100%| O|  |TAMS 0x0000000706000000, 0x0000000706000000| Untracked 
|  48|0x0000000706000000, 0x0000000706200000, 0x0000000706200000|100%| O|  |TAMS 0x0000000706200000, 0x0000000706200000| Untracked 
|  49|0x0000000706200000, 0x0000000706400000, 0x0000000706400000|100%| O|  |TAMS 0x0000000706400000, 0x0000000706400000| Untracked 
|  50|0x0000000706400000, 0x0000000706600000, 0x0000000706600000|100%| O|  |TAMS 0x0000000706600000, 0x0000000706600000| Untracked 
|  51|0x0000000706600000, 0x0000000706800000, 0x0000000706800000|100%| O|  |TAMS 0x0000000706800000, 0x0000000706800000| Untracked 
|  52|0x0000000706800000, 0x0000000706a00000, 0x0000000706a00000|100%| O|  |TAMS 0x0000000706a00000, 0x0000000706a00000| Untracked 
|  53|0x0000000706a00000, 0x0000000706c00000, 0x0000000706c00000|100%| O|  |TAMS 0x0000000706c00000, 0x0000000706c00000| Untracked 
|  54|0x0000000706c00000, 0x0000000706e00000, 0x0000000706e00000|100%| O|  |TAMS 0x0000000706e00000, 0x0000000706e00000| Untracked 
|  55|0x0000000706e00000, 0x0000000707000000, 0x0000000707000000|100%| O|  |TAMS 0x0000000707000000, 0x0000000707000000| Untracked 
|  56|0x0000000707000000, 0x0000000707200000, 0x0000000707200000|100%| O|  |TAMS 0x0000000707200000, 0x0000000707200000| Untracked 
|  57|0x0000000707200000, 0x0000000707400000, 0x0000000707400000|100%| O|  |TAMS 0x0000000707400000, 0x0000000707400000| Untracked 
|  58|0x0000000707400000, 0x0000000707600000, 0x0000000707600000|100%| O|  |TAMS 0x0000000707600000, 0x0000000707600000| Untracked 
|  59|0x0000000707600000, 0x0000000707800000, 0x0000000707800000|100%| O|  |TAMS 0x0000000707800000, 0x0000000707800000| Untracked 
|  60|0x0000000707800000, 0x0000000707a00000, 0x0000000707a00000|100%| O|  |TAMS 0x0000000707a00000, 0x0000000707a00000| Untracked 
|  61|0x0000000707a00000, 0x0000000707c00000, 0x0000000707c00000|100%| O|  |TAMS 0x0000000707c00000, 0x0000000707c00000| Untracked 
|  62|0x0000000707c00000, 0x0000000707e00000, 0x0000000707e00000|100%| O|  |TAMS 0x0000000707e00000, 0x0000000707e00000| Untracked 
|  63|0x0000000707e00000, 0x0000000708000000, 0x0000000708000000|100%| O|  |TAMS 0x0000000708000000, 0x0000000708000000| Untracked 
|  64|0x0000000708000000, 0x0000000708200000, 0x0000000708200000|100%| O|  |TAMS 0x0000000708200000, 0x0000000708200000| Untracked 
|  65|0x0000000708200000, 0x0000000708400000, 0x0000000708400000|100%| O|  |TAMS 0x0000000708400000, 0x0000000708400000| Untracked 
|  66|0x0000000708400000, 0x0000000708600000, 0x0000000708600000|100%| O|  |TAMS 0x0000000708600000, 0x0000000708600000| Untracked 
|  67|0x0000000708600000, 0x0000000708800000, 0x0000000708800000|100%| O|  |TAMS 0x0000000708800000, 0x0000000708800000| Untracked 
|  68|0x0000000708800000, 0x0000000708a00000, 0x0000000708a00000|100%| O|  |TAMS 0x0000000708a00000, 0x0000000708a00000| Untracked 
|  69|0x0000000708a00000, 0x0000000708c00000, 0x0000000708c00000|100%| O|  |TAMS 0x0000000708c00000, 0x0000000708c00000| Untracked 
|  70|0x0000000708c00000, 0x0000000708e00000, 0x0000000708e00000|100%| O|  |TAMS 0x0000000708e00000, 0x0000000708e00000| Untracked 
|  71|0x0000000708e00000, 0x0000000709000000, 0x0000000709000000|100%| O|  |TAMS 0x0000000709000000, 0x0000000709000000| Untracked 
|  72|0x0000000709000000, 0x0000000709200000, 0x0000000709200000|100%| O|  |TAMS 0x0000000709200000, 0x0000000709200000| Untracked 
|  73|0x0000000709200000, 0x0000000709400000, 0x0000000709400000|100%| O|  |TAMS 0x0000000709400000, 0x0000000709400000| Untracked 
|  74|0x0000000709400000, 0x0000000709600000, 0x0000000709600000|100%| O|  |TAMS 0x0000000709600000, 0x0000000709600000| Untracked 
|  75|0x0000000709600000, 0x0000000709800000, 0x0000000709800000|100%| O|  |TAMS 0x0000000709800000, 0x0000000709800000| Untracked 
|  76|0x0000000709800000, 0x0000000709a00000, 0x0000000709a00000|100%| O|  |TAMS 0x0000000709a00000, 0x0000000709a00000| Untracked 
|  77|0x0000000709a00000, 0x0000000709c00000, 0x0000000709c00000|100%| O|  |TAMS 0x0000000709c00000, 0x0000000709c00000| Untracked 
|  78|0x0000000709c00000, 0x0000000709e00000, 0x0000000709e00000|100%| O|  |TAMS 0x0000000709e00000, 0x0000000709e00000| Untracked 
|  79|0x0000000709e00000, 0x000000070a000000, 0x000000070a000000|100%| O|  |TAMS 0x0000000709fbea00, 0x000000070a000000| Untracked 
|  80|0x000000070a000000, 0x000000070a200000, 0x000000070a200000|100%| O|  |TAMS 0x000000070a000000, 0x000000070a200000| Untracked 
|  81|0x000000070a200000, 0x000000070a400000, 0x000000070a400000|100%| O|  |TAMS 0x000000070a200000, 0x000000070a400000| Untracked 
|  82|0x000000070a400000, 0x000000070a600000, 0x000000070a600000|100%| O|  |TAMS 0x000000070a400000, 0x000000070a600000| Untracked 
|  83|0x000000070a600000, 0x000000070a800000, 0x000000070a800000|100%| O|  |TAMS 0x000000070a600000, 0x000000070a800000| Untracked 
|  84|0x000000070a800000, 0x000000070aa00000, 0x000000070aa00000|100%| O|  |TAMS 0x000000070a800000, 0x000000070aa00000| Untracked 
|  85|0x000000070aa00000, 0x000000070ac00000, 0x000000070ac00000|100%|HS|  |TAMS 0x000000070aa00000, 0x000000070ac00000| Complete 
|  86|0x000000070ac00000, 0x000000070ae00000, 0x000000070ae00000|100%|HC|  |TAMS 0x000000070ac00000, 0x000000070ae00000| Complete 
|  87|0x000000070ae00000, 0x000000070b000000, 0x000000070b000000|100%|HC|  |TAMS 0x000000070ae00000, 0x000000070b000000| Complete 
|  88|0x000000070b000000, 0x000000070b200000, 0x000000070b200000|100%|HC|  |TAMS 0x000000070b000000, 0x000000070b200000| Complete 
|  89|0x000000070b200000, 0x000000070b400000, 0x000000070b400000|100%|HC|  |TAMS 0x000000070b200000, 0x000000070b400000| Complete 
|  90|0x000000070b400000, 0x000000070b600000, 0x000000070b600000|100%|HC|  |TAMS 0x000000070b400000, 0x000000070b600000| Complete 
|  91|0x000000070b600000, 0x000000070b800000, 0x000000070b800000|100%|HC|  |TAMS 0x000000070b600000, 0x000000070b800000| Complete 
|  92|0x000000070b800000, 0x000000070ba00000, 0x000000070ba00000|100%|HC|  |TAMS 0x000000070b800000, 0x000000070ba00000| Complete 
|  93|0x000000070ba00000, 0x000000070bc00000, 0x000000070bc00000|100%|HC|  |TAMS 0x000000070ba00000, 0x000000070bc00000| Complete 
|  94|0x000000070bc00000, 0x000000070be00000, 0x000000070be00000|100%|HC|  |TAMS 0x000000070bc00000, 0x000000070be00000| Complete 
|  95|0x000000070be00000, 0x000000070c000000, 0x000000070c000000|100%|HC|  |TAMS 0x000000070be00000, 0x000000070c000000| Complete 
|  96|0x000000070c000000, 0x000000070c200000, 0x000000070c200000|100%|HC|  |TAMS 0x000000070c000000, 0x000000070c200000| Complete 
|  97|0x000000070c200000, 0x000000070c400000, 0x000000070c400000|100%|HC|  |TAMS 0x000000070c200000, 0x000000070c400000| Complete 
|  98|0x000000070c400000, 0x000000070c600000, 0x000000070c600000|100%|HC|  |TAMS 0x000000070c400000, 0x000000070c600000| Complete 
|  99|0x000000070c600000, 0x000000070c800000, 0x000000070c800000|100%|HC|  |TAMS 0x000000070c600000, 0x000000070c800000| Complete 
| 100|0x000000070c800000, 0x000000070ca00000, 0x000000070ca00000|100%|HC|  |TAMS 0x000000070c800000, 0x000000070ca00000| Complete 
| 101|0x000000070ca00000, 0x000000070cc00000, 0x000000070cc00000|100%|HC|  |TAMS 0x000000070ca00000, 0x000000070cc00000| Complete 
| 102|0x000000070cc00000, 0x000000070ce00000, 0x000000070ce00000|100%|HC|  |TAMS 0x000000070cc00000, 0x000000070ce00000| Complete 
| 103|0x000000070ce00000, 0x000000070d000000, 0x000000070d000000|100%|HC|  |TAMS 0x000000070ce00000, 0x000000070d000000| Complete 
| 104|0x000000070d000000, 0x000000070d200000, 0x000000070d200000|100%|HC|  |TAMS 0x000000070d000000, 0x000000070d200000| Complete 
| 105|0x000000070d200000, 0x000000070d400000, 0x000000070d400000|100%|HS|  |TAMS 0x000000070d200000, 0x000000070d200000| Complete 
| 106|0x000000070d400000, 0x000000070d400000, 0x000000070d600000|  0%| F|  |TAMS 0x000000070d400000, 0x000000070d400000| Untracked 
| 107|0x000000070d600000, 0x000000070d600000, 0x000000070d800000|  0%| F|  |TAMS 0x000000070d600000, 0x000000070d600000| Untracked 
| 108|0x000000070d800000, 0x000000070d800000, 0x000000070da00000|  0%| F|  |TAMS 0x000000070d800000, 0x000000070d800000| Untracked 
| 109|0x000000070da00000, 0x000000070da00000, 0x000000070dc00000|  0%| F|  |TAMS 0x000000070da00000, 0x000000070da00000| Untracked 
| 110|0x000000070dc00000, 0x000000070dc00000, 0x000000070de00000|  0%| F|  |TAMS 0x000000070dc00000, 0x000000070dc00000| Untracked 
| 111|0x000000070de00000, 0x000000070de00000, 0x000000070e000000|  0%| F|  |TAMS 0x000000070de00000, 0x000000070de00000| Untracked 
| 112|0x000000070e000000, 0x000000070e000000, 0x000000070e200000|  0%| F|  |TAMS 0x000000070e000000, 0x000000070e000000| Untracked 
| 113|0x000000070e200000, 0x000000070e400000, 0x000000070e400000|100%|HS|  |TAMS 0x000000070e200000, 0x000000070e400000| Complete 
| 114|0x000000070e400000, 0x000000070e600000, 0x000000070e600000|100%|HC|  |TAMS 0x000000070e400000, 0x000000070e600000| Complete 
| 115|0x000000070e600000, 0x000000070e800000, 0x000000070e800000|100%|HC|  |TAMS 0x000000070e600000, 0x000000070e800000| Complete 
| 116|0x000000070e800000, 0x000000070ea00000, 0x000000070ea00000|100%|HC|  |TAMS 0x000000070e800000, 0x000000070ea00000| Complete 
| 117|0x000000070ea00000, 0x000000070ec00000, 0x000000070ec00000|100%|HC|  |TAMS 0x000000070ea00000, 0x000000070ec00000| Complete 
| 118|0x000000070ec00000, 0x000000070ee00000, 0x000000070ee00000|100%|HC|  |TAMS 0x000000070ec00000, 0x000000070ee00000| Complete 
| 119|0x000000070ee00000, 0x000000070f000000, 0x000000070f000000|100%|HC|  |TAMS 0x000000070ee00000, 0x000000070f000000| Complete 
| 120|0x000000070f000000, 0x000000070f200000, 0x000000070f200000|100%|HC|  |TAMS 0x000000070f000000, 0x000000070f200000| Complete 
| 121|0x000000070f200000, 0x000000070f400000, 0x000000070f400000|100%|HC|  |TAMS 0x000000070f200000, 0x000000070f400000| Complete 
| 122|0x000000070f400000, 0x000000070f600000, 0x000000070f600000|100%|HC|  |TAMS 0x000000070f400000, 0x000000070f600000| Complete 
| 123|0x000000070f600000, 0x000000070f800000, 0x000000070f800000|100%|HC|  |TAMS 0x000000070f600000, 0x000000070f800000| Complete 
| 124|0x000000070f800000, 0x000000070fa00000, 0x000000070fa00000|100%|HC|  |TAMS 0x000000070f800000, 0x000000070fa00000| Complete 
| 125|0x000000070fa00000, 0x000000070fc00000, 0x000000070fc00000|100%|HC|  |TAMS 0x000000070fa00000, 0x000000070fc00000| Complete 
| 126|0x000000070fc00000, 0x000000070fe00000, 0x000000070fe00000|100%|HC|  |TAMS 0x000000070fc00000, 0x000000070fe00000| Complete 
| 127|0x000000070fe00000, 0x0000000710000000, 0x0000000710000000|100%|HC|  |TAMS 0x000000070fe00000, 0x0000000710000000| Complete 
| 128|0x0000000710000000, 0x0000000710200000, 0x0000000710200000|100%|HC|  |TAMS 0x0000000710000000, 0x0000000710200000| Complete 
| 129|0x0000000710200000, 0x0000000710400000, 0x0000000710400000|100%|HC|  |TAMS 0x0000000710200000, 0x0000000710400000| Complete 
| 130|0x0000000710400000, 0x0000000710600000, 0x0000000710600000|100%|HC|  |TAMS 0x0000000710400000, 0x0000000710600000| Complete 
| 131|0x0000000710600000, 0x0000000710800000, 0x0000000710800000|100%|HC|  |TAMS 0x0000000710600000, 0x0000000710800000| Complete 
| 132|0x0000000710800000, 0x0000000710a00000, 0x0000000710a00000|100%|HC|  |TAMS 0x0000000710800000, 0x0000000710a00000| Complete 
| 133|0x0000000710a00000, 0x0000000710a00000, 0x0000000710c00000|  0%| F|  |TAMS 0x0000000710a00000, 0x0000000710a00000| Untracked 
| 134|0x0000000710c00000, 0x0000000710c00000, 0x0000000710e00000|  0%| F|  |TAMS 0x0000000710c00000, 0x0000000710c00000| Untracked 
| 135|0x0000000710e00000, 0x0000000710e00000, 0x0000000711000000|  0%| F|  |TAMS 0x0000000710e00000, 0x0000000710e00000| Untracked 
| 136|0x0000000711000000, 0x0000000711000000, 0x0000000711200000|  0%| F|  |TAMS 0x0000000711000000, 0x0000000711000000| Untracked 
| 137|0x0000000711200000, 0x0000000711200000, 0x0000000711400000|  0%| F|  |TAMS 0x0000000711200000, 0x0000000711200000| Untracked 
| 138|0x0000000711400000, 0x0000000711400000, 0x0000000711600000|  0%| F|  |TAMS 0x0000000711400000, 0x0000000711400000| Untracked 
| 139|0x0000000711600000, 0x0000000711600000, 0x0000000711800000|  0%| F|  |TAMS 0x0000000711600000, 0x0000000711600000| Untracked 
| 140|0x0000000711800000, 0x0000000711800000, 0x0000000711a00000|  0%| F|  |TAMS 0x0000000711800000, 0x0000000711800000| Untracked 
| 141|0x0000000711a00000, 0x0000000711a00000, 0x0000000711c00000|  0%| F|  |TAMS 0x0000000711a00000, 0x0000000711a00000| Untracked 
| 142|0x0000000711c00000, 0x0000000711e00000, 0x0000000711e00000|100%|HS|  |TAMS 0x0000000711e00000, 0x0000000711e00000| Complete 
| 143|0x0000000711e00000, 0x0000000712000000, 0x0000000712000000|100%|HC|  |TAMS 0x0000000712000000, 0x0000000712000000| Complete 
| 144|0x0000000712000000, 0x0000000712200000, 0x0000000712200000|100%|HC|  |TAMS 0x0000000712200000, 0x0000000712200000| Complete 
| 145|0x0000000712200000, 0x0000000712400000, 0x0000000712400000|100%|HC|  |TAMS 0x0000000712400000, 0x0000000712400000| Complete 
| 146|0x0000000712400000, 0x0000000712600000, 0x0000000712600000|100%|HC|  |TAMS 0x0000000712600000, 0x0000000712600000| Complete 
| 147|0x0000000712600000, 0x0000000712800000, 0x0000000712800000|100%|HC|  |TAMS 0x0000000712800000, 0x0000000712800000| Complete 
| 148|0x0000000712800000, 0x0000000712a00000, 0x0000000712a00000|100%|HC|  |TAMS 0x0000000712a00000, 0x0000000712a00000| Complete 
| 149|0x0000000712a00000, 0x0000000712c00000, 0x0000000712c00000|100%|HC|  |TAMS 0x0000000712c00000, 0x0000000712c00000| Complete 
| 150|0x0000000712c00000, 0x0000000712e00000, 0x0000000712e00000|100%|HC|  |TAMS 0x0000000712e00000, 0x0000000712e00000| Complete 
| 151|0x0000000712e00000, 0x0000000713000000, 0x0000000713000000|100%|HC|  |TAMS 0x0000000713000000, 0x0000000713000000| Complete 
| 152|0x0000000713000000, 0x0000000713200000, 0x0000000713200000|100%|HC|  |TAMS 0x0000000713200000, 0x0000000713200000| Complete 
| 153|0x0000000713200000, 0x0000000713400000, 0x0000000713400000|100%|HC|  |TAMS 0x0000000713400000, 0x0000000713400000| Complete 
| 154|0x0000000713400000, 0x0000000713600000, 0x0000000713600000|100%|HC|  |TAMS 0x0000000713600000, 0x0000000713600000| Complete 
| 155|0x0000000713600000, 0x0000000713800000, 0x0000000713800000|100%|HC|  |TAMS 0x0000000713800000, 0x0000000713800000| Complete 
| 156|0x0000000713800000, 0x0000000713a00000, 0x0000000713a00000|100%|HC|  |TAMS 0x0000000713a00000, 0x0000000713a00000| Complete 
| 157|0x0000000713a00000, 0x0000000713c00000, 0x0000000713c00000|100%|HC|  |TAMS 0x0000000713c00000, 0x0000000713c00000| Complete 
| 158|0x0000000713c00000, 0x0000000713e00000, 0x0000000713e00000|100%|HC|  |TAMS 0x0000000713e00000, 0x0000000713e00000| Complete 
| 159|0x0000000713e00000, 0x0000000714000000, 0x0000000714000000|100%|HC|  |TAMS 0x0000000714000000, 0x0000000714000000| Complete 
| 160|0x0000000714000000, 0x0000000714200000, 0x0000000714200000|100%|HC|  |TAMS 0x0000000714200000, 0x0000000714200000| Complete 
| 161|0x0000000714200000, 0x0000000714400000, 0x0000000714400000|100%|HC|  |TAMS 0x0000000714400000, 0x0000000714400000| Complete 
| 162|0x0000000714400000, 0x0000000714400000, 0x0000000714600000|  0%| F|  |TAMS 0x0000000714400000, 0x0000000714400000| Untracked 
| 163|0x0000000714600000, 0x0000000714600000, 0x0000000714800000|  0%| F|  |TAMS 0x0000000714600000, 0x0000000714600000| Untracked 
| 164|0x0000000714800000, 0x0000000714800000, 0x0000000714a00000|  0%| F|  |TAMS 0x0000000714800000, 0x0000000714800000| Untracked 
| 165|0x0000000714a00000, 0x0000000714a00000, 0x0000000714c00000|  0%| F|  |TAMS 0x0000000714a00000, 0x0000000714a00000| Untracked 
| 166|0x0000000714c00000, 0x0000000714c00000, 0x0000000714e00000|  0%| F|  |TAMS 0x0000000714c00000, 0x0000000714c00000| Untracked 
| 167|0x0000000714e00000, 0x0000000714e00000, 0x0000000715000000|  0%| F|  |TAMS 0x0000000714e00000, 0x0000000714e00000| Untracked 
| 168|0x0000000715000000, 0x0000000715000000, 0x0000000715200000|  0%| F|  |TAMS 0x0000000715000000, 0x0000000715000000| Untracked 
| 169|0x0000000715200000, 0x0000000715200000, 0x0000000715400000|  0%| F|  |TAMS 0x0000000715200000, 0x0000000715200000| Untracked 
| 170|0x0000000715400000, 0x0000000715400000, 0x0000000715600000|  0%| F|  |TAMS 0x0000000715400000, 0x0000000715400000| Untracked 
| 171|0x0000000715600000, 0x0000000715600000, 0x0000000715800000|  0%| F|  |TAMS 0x0000000715600000, 0x0000000715600000| Untracked 
| 172|0x0000000715800000, 0x0000000715800000, 0x0000000715a00000|  0%| F|  |TAMS 0x0000000715800000, 0x0000000715800000| Untracked 
| 173|0x0000000715a00000, 0x0000000715a00000, 0x0000000715c00000|  0%| F|  |TAMS 0x0000000715a00000, 0x0000000715a00000| Untracked 
| 174|0x0000000715c00000, 0x0000000715c00000, 0x0000000715e00000|  0%| F|  |TAMS 0x0000000715c00000, 0x0000000715c00000| Untracked 
| 175|0x0000000715e00000, 0x0000000715e00000, 0x0000000716000000|  0%| F|  |TAMS 0x0000000715e00000, 0x0000000715e00000| Untracked 
| 176|0x0000000716000000, 0x0000000716000000, 0x0000000716200000|  0%| F|  |TAMS 0x0000000716000000, 0x0000000716000000| Untracked 
| 177|0x0000000716200000, 0x0000000716200000, 0x0000000716400000|  0%| F|  |TAMS 0x0000000716200000, 0x0000000716200000| Untracked 
| 178|0x0000000716400000, 0x0000000716400000, 0x0000000716600000|  0%| F|  |TAMS 0x0000000716400000, 0x0000000716400000| Untracked 
| 179|0x0000000716600000, 0x0000000716600000, 0x0000000716800000|  0%| F|  |TAMS 0x0000000716600000, 0x0000000716600000| Untracked 
| 180|0x0000000716800000, 0x0000000716800000, 0x0000000716a00000|  0%| F|  |TAMS 0x0000000716800000, 0x0000000716800000| Untracked 
| 181|0x0000000716a00000, 0x0000000716a00000, 0x0000000716c00000|  0%| F|  |TAMS 0x0000000716a00000, 0x0000000716a00000| Untracked 
| 182|0x0000000716c00000, 0x0000000716c00000, 0x0000000716e00000|  0%| F|  |TAMS 0x0000000716c00000, 0x0000000716c00000| Untracked 
| 183|0x0000000716e00000, 0x0000000716e00000, 0x0000000717000000|  0%| F|  |TAMS 0x0000000716e00000, 0x0000000716e00000| Untracked 
| 184|0x0000000717000000, 0x0000000717000000, 0x0000000717200000|  0%| F|  |TAMS 0x0000000717000000, 0x0000000717000000| Untracked 
| 185|0x0000000717200000, 0x0000000717200000, 0x0000000717400000|  0%| F|  |TAMS 0x0000000717200000, 0x0000000717200000| Untracked 
| 186|0x0000000717400000, 0x0000000717400000, 0x0000000717600000|  0%| F|  |TAMS 0x0000000717400000, 0x0000000717400000| Untracked 
| 187|0x0000000717600000, 0x0000000717600000, 0x0000000717800000|  0%| F|  |TAMS 0x0000000717600000, 0x0000000717600000| Untracked 
| 188|0x0000000717800000, 0x0000000717800000, 0x0000000717a00000|  0%| F|  |TAMS 0x0000000717800000, 0x0000000717800000| Untracked 
| 189|0x0000000717a00000, 0x0000000717a00000, 0x0000000717c00000|  0%| F|  |TAMS 0x0000000717a00000, 0x0000000717a00000| Untracked 
| 190|0x0000000717c00000, 0x0000000717c00000, 0x0000000717e00000|  0%| F|  |TAMS 0x0000000717c00000, 0x0000000717c00000| Untracked 
| 191|0x0000000717e00000, 0x0000000717e00000, 0x0000000718000000|  0%| F|  |TAMS 0x0000000717e00000, 0x0000000717e00000| Untracked 
| 192|0x0000000718000000, 0x0000000718000000, 0x0000000718200000|  0%| F|  |TAMS 0x0000000718000000, 0x0000000718000000| Untracked 
| 193|0x0000000718200000, 0x0000000718200000, 0x0000000718400000|  0%| F|  |TAMS 0x0000000718200000, 0x0000000718200000| Untracked 
| 194|0x0000000718400000, 0x0000000718400000, 0x0000000718600000|  0%| F|  |TAMS 0x0000000718400000, 0x0000000718400000| Untracked 
| 195|0x0000000718600000, 0x0000000718600000, 0x0000000718800000|  0%| F|  |TAMS 0x0000000718600000, 0x0000000718600000| Untracked 
| 196|0x0000000718800000, 0x0000000718800000, 0x0000000718a00000|  0%| F|  |TAMS 0x0000000718800000, 0x0000000718800000| Untracked 
| 197|0x0000000718a00000, 0x0000000718a00000, 0x0000000718c00000|  0%| F|  |TAMS 0x0000000718a00000, 0x0000000718a00000| Untracked 
| 198|0x0000000718c00000, 0x0000000718c00000, 0x0000000718e00000|  0%| F|  |TAMS 0x0000000718c00000, 0x0000000718c00000| Untracked 
| 199|0x0000000718e00000, 0x0000000718e00000, 0x0000000719000000|  0%| F|  |TAMS 0x0000000718e00000, 0x0000000718e00000| Untracked 
| 200|0x0000000719000000, 0x0000000719000000, 0x0000000719200000|  0%| F|  |TAMS 0x0000000719000000, 0x0000000719000000| Untracked 
| 201|0x0000000719200000, 0x0000000719200000, 0x0000000719400000|  0%| F|  |TAMS 0x0000000719200000, 0x0000000719200000| Untracked 
| 202|0x0000000719400000, 0x0000000719400000, 0x0000000719600000|  0%| F|  |TAMS 0x0000000719400000, 0x0000000719400000| Untracked 
| 203|0x0000000719600000, 0x0000000719600000, 0x0000000719800000|  0%| F|  |TAMS 0x0000000719600000, 0x0000000719600000| Untracked 
| 204|0x0000000719800000, 0x0000000719800000, 0x0000000719a00000|  0%| F|  |TAMS 0x0000000719800000, 0x0000000719800000| Untracked 
| 205|0x0000000719a00000, 0x0000000719a00000, 0x0000000719c00000|  0%| F|  |TAMS 0x0000000719a00000, 0x0000000719a00000| Untracked 
| 206|0x0000000719c00000, 0x0000000719c00000, 0x0000000719e00000|  0%| F|  |TAMS 0x0000000719c00000, 0x0000000719c00000| Untracked 
| 207|0x0000000719e00000, 0x0000000719e00000, 0x000000071a000000|  0%| F|  |TAMS 0x0000000719e00000, 0x0000000719e00000| Untracked 
| 208|0x000000071a000000, 0x000000071a000000, 0x000000071a200000|  0%| F|  |TAMS 0x000000071a000000, 0x000000071a000000| Untracked 
| 209|0x000000071a200000, 0x000000071a200000, 0x000000071a400000|  0%| F|  |TAMS 0x000000071a200000, 0x000000071a200000| Untracked 
| 210|0x000000071a400000, 0x000000071a400000, 0x000000071a600000|  0%| F|  |TAMS 0x000000071a400000, 0x000000071a400000| Untracked 
| 211|0x000000071a600000, 0x000000071a600000, 0x000000071a800000|  0%| F|  |TAMS 0x000000071a600000, 0x000000071a600000| Untracked 
| 212|0x000000071a800000, 0x000000071a800000, 0x000000071aa00000|  0%| F|  |TAMS 0x000000071a800000, 0x000000071a800000| Untracked 
| 213|0x000000071aa00000, 0x000000071aa00000, 0x000000071ac00000|  0%| F|  |TAMS 0x000000071aa00000, 0x000000071aa00000| Untracked 
| 214|0x000000071ac00000, 0x000000071ac00000, 0x000000071ae00000|  0%| F|  |TAMS 0x000000071ac00000, 0x000000071ac00000| Untracked 
| 215|0x000000071ae00000, 0x000000071ae00000, 0x000000071b000000|  0%| F|  |TAMS 0x000000071ae00000, 0x000000071ae00000| Untracked 
| 216|0x000000071b000000, 0x000000071b000000, 0x000000071b200000|  0%| F|  |TAMS 0x000000071b000000, 0x000000071b000000| Untracked 
| 217|0x000000071b200000, 0x000000071b200000, 0x000000071b400000|  0%| F|  |TAMS 0x000000071b200000, 0x000000071b200000| Untracked 
| 218|0x000000071b400000, 0x000000071b400000, 0x000000071b600000|  0%| F|  |TAMS 0x000000071b400000, 0x000000071b400000| Untracked 
| 219|0x000000071b600000, 0x000000071b600000, 0x000000071b800000|  0%| F|  |TAMS 0x000000071b600000, 0x000000071b600000| Untracked 
| 220|0x000000071b800000, 0x000000071b800000, 0x000000071ba00000|  0%| F|  |TAMS 0x000000071b800000, 0x000000071b800000| Untracked 
| 221|0x000000071ba00000, 0x000000071ba00000, 0x000000071bc00000|  0%| F|  |TAMS 0x000000071ba00000, 0x000000071ba00000| Untracked 
| 222|0x000000071bc00000, 0x000000071bc00000, 0x000000071be00000|  0%| F|  |TAMS 0x000000071bc00000, 0x000000071bc00000| Untracked 
| 223|0x000000071be00000, 0x000000071be00000, 0x000000071c000000|  0%| F|  |TAMS 0x000000071be00000, 0x000000071be00000| Untracked 
| 224|0x000000071c000000, 0x000000071c000000, 0x000000071c200000|  0%| F|  |TAMS 0x000000071c000000, 0x000000071c000000| Untracked 
| 225|0x000000071c200000, 0x000000071c200000, 0x000000071c400000|  0%| F|  |TAMS 0x000000071c200000, 0x000000071c200000| Untracked 
| 226|0x000000071c400000, 0x000000071c400000, 0x000000071c600000|  0%| F|  |TAMS 0x000000071c400000, 0x000000071c400000| Untracked 
| 227|0x000000071c600000, 0x000000071c600000, 0x000000071c800000|  0%| F|  |TAMS 0x000000071c600000, 0x000000071c600000| Untracked 
| 228|0x000000071c800000, 0x000000071c800000, 0x000000071ca00000|  0%| F|  |TAMS 0x000000071c800000, 0x000000071c800000| Untracked 
| 229|0x000000071ca00000, 0x000000071ca00000, 0x000000071cc00000|  0%| F|  |TAMS 0x000000071ca00000, 0x000000071ca00000| Untracked 
| 230|0x000000071cc00000, 0x000000071cc00000, 0x000000071ce00000|  0%| F|  |TAMS 0x000000071cc00000, 0x000000071cc00000| Untracked 
| 231|0x000000071ce00000, 0x000000071ce00000, 0x000000071d000000|  0%| F|  |TAMS 0x000000071ce00000, 0x000000071ce00000| Untracked 
| 232|0x000000071d000000, 0x000000071d000000, 0x000000071d200000|  0%| F|  |TAMS 0x000000071d000000, 0x000000071d000000| Untracked 
| 233|0x000000071d200000, 0x000000071d200000, 0x000000071d400000|  0%| F|  |TAMS 0x000000071d200000, 0x000000071d200000| Untracked 
| 234|0x000000071d400000, 0x000000071d400000, 0x000000071d600000|  0%| F|  |TAMS 0x000000071d400000, 0x000000071d400000| Untracked 
| 235|0x000000071d600000, 0x000000071d600000, 0x000000071d800000|  0%| F|  |TAMS 0x000000071d600000, 0x000000071d600000| Untracked 
| 236|0x000000071d800000, 0x000000071d800000, 0x000000071da00000|  0%| F|  |TAMS 0x000000071d800000, 0x000000071d800000| Untracked 
| 237|0x000000071da00000, 0x000000071da00000, 0x000000071dc00000|  0%| F|  |TAMS 0x000000071da00000, 0x000000071da00000| Untracked 
| 238|0x000000071dc00000, 0x000000071dc00000, 0x000000071de00000|  0%| F|  |TAMS 0x000000071dc00000, 0x000000071dc00000| Untracked 
| 239|0x000000071de00000, 0x000000071de00000, 0x000000071e000000|  0%| F|  |TAMS 0x000000071de00000, 0x000000071de00000| Untracked 
| 240|0x000000071e000000, 0x000000071e000000, 0x000000071e200000|  0%| F|  |TAMS 0x000000071e000000, 0x000000071e000000| Untracked 
| 241|0x000000071e200000, 0x000000071e200000, 0x000000071e400000|  0%| F|  |TAMS 0x000000071e200000, 0x000000071e200000| Untracked 
| 242|0x000000071e400000, 0x000000071e4363c0, 0x000000071e600000| 10%| S|CS|TAMS 0x000000071e400000, 0x000000071e400000| Complete 
| 243|0x000000071e600000, 0x000000071e800000, 0x000000071e800000|100%| S|CS|TAMS 0x000000071e600000, 0x000000071e600000| Complete 
| 244|0x000000071e800000, 0x000000071e8ec798, 0x000000071ea00000| 46%| E|  |TAMS 0x000000071e800000, 0x000000071e800000| Complete 
|1534|0x00000007bfc00000, 0x00000007bfd51000, 0x00000007bfe00000| 65%|OA|  |TAMS 0x00000007bfd51000, 0x00000007bfd51000| Untracked 
|1535|0x00000007bfe00000, 0x00000007bfe79000, 0x00000007c0000000| 23%|CA|  |TAMS 0x00000007bfe79000, 0x00000007bfe79000| Untracked 

Card table byte_map: [0x0000000129fec000,0x000000012a7ec000] _byte_map_base: 0x00000001267ec000

Marking Bits (Prev, Next): (CMBitMap*) 0x00007fc78f83aa10, (CMBitMap*) 0x00007fc78f83aa50
 Prev Bits: [0x000000012afec000, 0x000000012efec000)
 Next Bits: [0x000000012efec000, 0x0000000132fec000)

Polling page: 0x0000000102ff3000

Metaspace:

Usage:
  Non-class:      4.09 MB capacity,   966.48 KB ( 23%) used,     3.15 MB ( 77%) free+waste,     1.00 KB ( <1%) overhead. 
      Class:    394.00 KB capacity,    98.49 KB ( 25%) used,   295.01 KB ( 75%) free+waste,   512 bytes ( <1%) overhead. 
       Both:      4.48 MB capacity,     1.04 MB ( 23%) used,     3.44 MB ( 77%) free+waste,     1.50 KB ( <1%) overhead. 

Virtual space:
  Non-class space:        8.00 MB reserved,       4.25 MB ( 53%) committed 
      Class space:        1.00 GB reserved,     512.00 KB ( <1%) committed 
             Both:        1.01 GB reserved,       4.75 MB ( <1%) committed 

Chunk freelists:
   Non-Class:  48.00 KB
       Class:  0 bytes
        Both:  48.00 KB

MaxMetaspaceSize: 17179869184.00 GB
CompressedClassSpaceSize: 1.00 GB

CodeHeap 'non-profiled nmethods': size=120028Kb used=144Kb max_used=144Kb free=119883Kb
 bounds [0x00000001222b5000, 0x0000000122525000, 0x00000001297ec000]
CodeHeap 'profiled nmethods': size=120028Kb used=405Kb max_used=405Kb free=119622Kb
 bounds [0x000000011ad7e000, 0x000000011afee000, 0x00000001222b5000]
CodeHeap 'non-nmethods': size=5704Kb used=1121Kb max_used=1138Kb free=4582Kb
 bounds [0x000000011a7ec000, 0x000000011aa5c000, 0x000000011ad7e000]
 total_blobs=662 nmethods=290 adapters=287
 compilation: enabled
              stopped_count=0, restarted_count=0
 full_count=0

Compilation events (20 events):
Event: 1.273 Thread 0x00007fc78f0de800 nmethod 279 0x000000011ade0410 code [0x000000011ade05a0, 0x000000011ade0770]
Event: 1.274 Thread 0x00007fc78f0de200 nmethod 275 0x00000001222d7f90 code [0x00000001222d8100, 0x00000001222d8438]
Event: 1.274 Thread 0x00007fc78f0de800  280       3       jdk.internal.misc.Unsafe::putReferenceRelease (9 bytes)
Event: 1.274 Thread 0x00007fc78f0de800 nmethod 280 0x000000011ade0890 code [0x000000011ade0a20, 0x000000011ade0b70]
Event: 1.274 Thread 0x00007fc78f0de800  282       3       java.util.concurrent.ConcurrentHashMap::setTabAt (20 bytes)
Event: 1.275 Thread 0x00007fc78f0de800 nmethod 282 0x000000011ade0c10 code [0x000000011ade0da0, 0x000000011ade0fc0]
Event: 1.275 Thread 0x00007fc78f0de200  284       4       java.lang.String::isLatin1 (19 bytes)
Event: 1.275 Thread 0x00007fc78f0de800  283       3       java.lang.StringBuilder::toString (35 bytes)
Event: 1.275 Thread 0x00007fc78f0de200 nmethod 284 0x00000001222d8a90 code [0x00000001222d8c00, 0x00000001222d8c78]
Event: 1.275 Thread 0x00007fc78f0de800 nmethod 283 0x000000011ade1090 code [0x000000011ade1240, 0x000000011ade14d0]
Event: 575.968 Thread 0x00007fc78f0de800  286       3       java.lang.Integer::stringSize (47 bytes)
Event: 575.995 Thread 0x00007fc78f0de800 nmethod 286 0x000000011ade1710 code [0x000000011ade18a0, 0x000000011ade1ad0]
Event: 575.995 Thread 0x00007fc78f0de800  287       3       java.lang.Integer::getChars (131 bytes)
Event: 575.996 Thread 0x00007fc78f0de800 nmethod 287 0x000000011ade1c90 code [0x000000011ade1e60, 0x000000011ade2290]
Event: 635.324 Thread 0x00007fc78f0de800  288       3       java.lang.StringBuilder::append (8 bytes)
Event: 635.337 Thread 0x00007fc78f0de800 nmethod 288 0x000000011ade2710 code [0x000000011ade28a0, 0x000000011ade29e0]
Event: 635.337 Thread 0x00007fc78f0de800  289       3       java.lang.AbstractStringBuilder::append (55 bytes)
Event: 635.337 Thread 0x00007fc78f0de800 nmethod 289 0x000000011ade2a90 code [0x000000011ade2c60, 0x000000011ade2f90]
Event: 743.237 Thread 0x00007fc78f0de800  290       3       FHsort::mergeSort (24 bytes)
Event: 743.237 Thread 0x00007fc78f0de800 nmethod 290 0x000000011ade3210 code [0x000000011ade33c0, 0x000000011ade35c0]

GC Heap History (20 events):
Event: 798.828 GC heap before
{Heap before GC invocations=1667 (full 0):
 garbage-first heap   total 479232K, used 281665K [0x0000000700000000, 0x0000000800000000)
  region size 2048K, 8 young (16384K), 1 survivors (2048K)
 Metaspace       used 1064K, capacity 4586K, committed 4864K, reserved 1056768K
  class space    used 98K, capacity 394K, committed 512K, reserved 1048576K
}
Event: 798.866 GC heap after
{Heap after GC invocations=1668 (full 0):
 garbage-first heap   total 479232K, used 284168K [0x0000000700000000, 0x0000000800000000)
  region size 2048K, 2 young (4096K), 2 survivors (4096K)
 Metaspace       used 1064K, capacity 4586K, committed 4864K, reserved 1056768K
  class space    used 98K, capacity 394K, committed 512K, reserved 1048576K
}
Event: 798.946 GC heap before
{Heap before GC invocations=1669 (full 0):
 garbage-first heap   total 225280K, used 108040K [0x0000000700000000, 0x0000000800000000)
  region size 2048K, 23 young (47104K), 2 survivors (4096K)
 Metaspace       used 1064K, capacity 4586K, committed 4864K, reserved 1056768K
  class space    used 98K, capacity 394K, committed 512K, reserved 1048576K
}
Event: 798.971 GC heap after
{Heap after GC invocations=1670 (full 0):
 garbage-first heap   total 225280K, used 105120K [0x0000000700000000, 0x0000000800000000)
  region size 2048K, 3 young (6144K), 3 survivors (6144K)
 Metaspace       used 1064K, capacity 4586K, committed 4864K, reserved 1056768K
  class space    used 98K, capacity 394K, committed 512K, reserved 1048576K
}
Event: 799.007 GC heap before
{Heap before GC invocations=1670 (full 0):
 garbage-first heap   total 225280K, used 131744K [0x0000000700000000, 0x0000000800000000)
  region size 2048K, 16 young (32768K), 3 survivors (6144K)
 Metaspace       used 1064K, capacity 4586K, committed 4864K, reserved 1056768K
  class space    used 98K, capacity 394K, committed 512K, reserved 1048576K
}
Event: 799.023 GC heap after
{Heap after GC invocations=1671 (full 0):
 garbage-first heap   total 225280K, used 134664K [0x0000000700000000, 0x0000000800000000)
  region size 2048K, 2 young (4096K), 2 survivors (4096K)
 Metaspace       used 1064K, capacity 4586K, committed 4864K, reserved 1056768K
  class space    used 98K, capacity 394K, committed 512K, reserved 1048576K
}
Event: 799.049 GC heap before
{Heap before GC invocations=1671 (full 0):
 garbage-first heap   total 225280K, used 153096K [0x0000000700000000, 0x0000000800000000)
  region size 2048K, 11 young (22528K), 2 survivors (4096K)
 Metaspace       used 1064K, capacity 4586K, committed 4864K, reserved 1056768K
  class space    used 98K, capacity 394K, committed 512K, reserved 1048576K
}
Event: 799.061 GC heap after
{Heap after GC invocations=1672 (full 0):
 garbage-first heap   total 225280K, used 155144K [0x0000000700000000, 0x0000000800000000)
  region size 2048K, 2 young (4096K), 2 survivors (4096K)
 Metaspace       used 1064K, capacity 4586K, committed 4864K, reserved 1056768K
  class space    used 98K, capacity 394K, committed 512K, reserved 1048576K
}
Event: 799.078 GC heap before
{Heap before GC invocations=1672 (full 0):
 garbage-first heap   total 225280K, used 167432K [0x0000000700000000, 0x0000000800000000)
  region size 2048K, 8 young (16384K), 2 survivors (4096K)
 Metaspace       used 1064K, capacity 4586K, committed 4864K, reserved 1056768K
  class space    used 98K, capacity 394K, committed 512K, reserved 1048576K
}
Event: 799.087 GC heap after
{Heap after GC invocations=1673 (full 0):
 garbage-first heap   total 270336K, used 169119K [0x0000000700000000, 0x0000000800000000)
  region size 2048K, 1 young (2048K), 1 survivors (2048K)
 Metaspace       used 1064K, capacity 4586K, committed 4864K, reserved 1056768K
  class space    used 98K, capacity 394K, committed 512K, reserved 1048576K
}
Event: 799.116 GC heap before
{Heap before GC invocations=1673 (full 0):
 garbage-first heap   total 270336K, used 173502K [0x0000000700000000, 0x0000000800000000)
  region size 2048K, 10 young (20480K), 1 survivors (2048K)
 Metaspace       used 1064K, capacity 4586K, committed 4864K, reserved 1056768K
  class space    used 98K, capacity 394K, committed 512K, reserved 1048576K
}
Event: 799.127 GC heap after
{Heap after GC invocations=1674 (full 0):
 garbage-first heap   total 270336K, used 175912K [0x0000000700000000, 0x0000000800000000)
  region size 2048K, 2 young (4096K), 2 survivors (4096K)
 Metaspace       used 1064K, capacity 4586K, committed 4864K, reserved 1056768K
  class space    used 98K, capacity 394K, committed 512K, reserved 1048576K
}
Event: 799.154 GC heap before
{Heap before GC invocations=1674 (full 0):
 garbage-first heap   total 270336K, used 194344K [0x0000000700000000, 0x0000000800000000)
  region size 2048K, 11 young (22528K), 2 survivors (4096K)
 Metaspace       used 1064K, capacity 4586K, committed 4864K, reserved 1056768K
  class space    used 98K, capacity 394K, committed 512K, reserved 1048576K
}
Event: 799.165 GC heap after
{Heap after GC invocations=1675 (full 0):
 garbage-first heap   total 270336K, used 195970K [0x0000000700000000, 0x0000000800000000)
  region size 2048K, 2 young (4096K), 2 survivors (4096K)
 Metaspace       used 1064K, capacity 4586K, committed 4864K, reserved 1056768K
  class space    used 98K, capacity 394K, committed 512K, reserved 1048576K
}
Event: 799.180 GC heap before
{Heap before GC invocations=1676 (full 0):
 garbage-first heap   total 270336K, used 206210K [0x0000000700000000, 0x0000000800000000)
  region size 2048K, 7 young (14336K), 2 survivors (4096K)
 Metaspace       used 1064K, capacity 4586K, committed 4864K, reserved 1056768K
  class space    used 98K, capacity 394K, committed 512K, reserved 1048576K
}
Event: 799.188 GC heap after
{Heap after GC invocations=1677 (full 0):
 garbage-first heap   total 270336K, used 208418K [0x0000000700000000, 0x0000000800000000)
  region size 2048K, 1 young (2048K), 1 survivors (2048K)
 Metaspace       used 1064K, capacity 4586K, committed 4864K, reserved 1056768K
  class space    used 98K, capacity 394K, committed 512K, reserved 1048576K
}
Event: 799.201 GC heap before
{Heap before GC invocations=1677 (full 0):
 garbage-first heap   total 270336K, used 216610K [0x0000000700000000, 0x0000000800000000)
  region size 2048K, 6 young (12288K), 1 survivors (2048K)
 Metaspace       used 1064K, capacity 4586K, committed 4864K, reserved 1056768K
  class space    used 98K, capacity 394K, committed 512K, reserved 1048576K
}
Event: 799.211 GC heap after
{Heap after GC invocations=1678 (full 0):
 garbage-first heap   total 325632K, used 218920K [0x0000000700000000, 0x0000000800000000)
  region size 2048K, 1 young (2048K), 1 survivors (2048K)
 Metaspace       used 1064K, capacity 4586K, committed 4864K, reserved 1056768K
  class space    used 98K, capacity 394K, committed 512K, reserved 1048576K
}
Event: 805.106 GC heap before
{Heap before GC invocations=1679 (full 0):
 garbage-first heap   total 505856K, used 300840K [0x0000000700000000, 0x0000000800000000)
  region size 2048K, 2 young (4096K), 1 survivors (2048K)
 Metaspace       used 1064K, capacity 4586K, committed 4864K, reserved 1056768K
  class space    used 98K, capacity 394K, committed 512K, reserved 1048576K
}
Event: 805.124 GC heap after
{Heap after GC invocations=1680 (full 0):
 garbage-first heap   total 505856K, used 301056K [0x0000000700000000, 0x0000000800000000)
  region size 2048K, 2 young (4096K), 2 survivors (4096K)
 Metaspace       used 1064K, capacity 4586K, committed 4864K, reserved 1056768K
  class space    used 98K, capacity 394K, committed 512K, reserved 1048576K
}

Deoptimization events (20 events):
Event: 0.527 Thread 0x00007fc78f80de00 DEOPT PACKING pc=0x00000001222ca58c sp=0x000000030a4be770
Event: 0.527 Thread 0x00007fc78f80de00 DEOPT UNPACKING pc=0x000000011a839e1f sp=0x000000030a4be718 mode 2
Event: 0.559 Thread 0x00007fc78f80de00 Uncommon trap: trap_request=0xffffffd6 fr.pc=0x00000001222cbfc4 relative=0x0000000000001544
Event: 0.559 Thread 0x00007fc78f80de00 Uncommon trap: reason=array_check action=maybe_recompile pc=0x00000001222cbfc4 method=FHsort.merge([Ljava/lang/Comparable;[Ljava/lang/Comparable;III)V @ 130 c2
Event: 0.559 Thread 0x00007fc78f80de00 DEOPT PACKING pc=0x00000001222cbfc4 sp=0x000000030a4be5d0
Event: 0.559 Thread 0x00007fc78f80de00 DEOPT UNPACKING pc=0x000000011a839e1f sp=0x000000030a4be580 mode 2
Event: 0.560 Thread 0x00007fc78f80de00 Uncommon trap: trap_request=0xffffffd6 fr.pc=0x00000001222cbfc4 relative=0x0000000000001544
Event: 0.560 Thread 0x00007fc78f80de00 Uncommon trap: reason=array_check action=maybe_recompile pc=0x00000001222cbfc4 method=FHsort.merge([Ljava/lang/Comparable;[Ljava/lang/Comparable;III)V @ 130 c2
Event: 0.560 Thread 0x00007fc78f80de00 DEOPT PACKING pc=0x00000001222cbfc4 sp=0x000000030a4be5d0
Event: 0.560 Thread 0x00007fc78f80de00 DEOPT UNPACKING pc=0x000000011a839e1f sp=0x000000030a4be580 mode 2
Event: 0.560 Thread 0x00007fc78f80de00 Uncommon trap: trap_request=0xffffffd6 fr.pc=0x00000001222cbfc4 relative=0x0000000000001544
Event: 0.560 Thread 0x00007fc78f80de00 Uncommon trap: reason=array_check action=maybe_recompile pc=0x00000001222cbfc4 method=FHsort.merge([Ljava/lang/Comparable;[Ljava/lang/Comparable;III)V @ 130 c2
Event: 0.560 Thread 0x00007fc78f80de00 DEOPT PACKING pc=0x00000001222cbfc4 sp=0x000000030a4be5d0
Event: 0.560 Thread 0x00007fc78f80de00 DEOPT UNPACKING pc=0x000000011a839e1f sp=0x000000030a4be580 mode 2
Event: 0.560 Thread 0x00007fc78f80de00 Uncommon trap: trap_request=0xffffffd6 fr.pc=0x00000001222cbfc4 relative=0x0000000000001544
Event: 0.560 Thread 0x00007fc78f80de00 Uncommon trap: reason=array_check action=maybe_recompile pc=0x00000001222cbfc4 method=FHsort.merge([Ljava/lang/Comparable;[Ljava/lang/Comparable;III)V @ 130 c2
Event: 0.560 Thread 0x00007fc78f80de00 DEOPT PACKING pc=0x00000001222cbfc4 sp=0x000000030a4be630
Event: 0.560 Thread 0x00007fc78f80de00 DEOPT UNPACKING pc=0x000000011a839e1f sp=0x000000030a4be5e0 mode 2
Event: 0.822 Thread 0x00007fc78f80de00 DEOPT PACKING pc=0x000000011adc51e4 sp=0x000000030a4be9c0
Event: 0.822 Thread 0x00007fc78f80de00 DEOPT UNPACKING pc=0x000000011a839c1c sp=0x000000030a4bdef8 mode 0

Classes unloaded (0 events):
No events

Classes redefined (0 events):
No events

Internal exceptions (5 events):
Event: 0.435 Thread 0x00007fc78f80de00 Exception <a 'java/lang/NoClassDefFoundError'{0x000000070ff62c50}: java/lang/ClassLoader$NativeLibrary> (0x000000070ff62c50) 
thrown [./open/src/hotspot/share/classfile/systemDictionary.cpp, line 284]
Event: 0.451 Thread 0x00007fc78f80de00 Implicit null exception at 0x00000001222c3035 to 0x00000001222c3180
Event: 0.471 Thread 0x00007fc79081b200 Exception <a 'java/lang/NoSuchMethodError'{0x000000070ffc87b0}: 'java.lang.Object java.lang.invoke.DirectMethodHandle$Holder.invokeStatic(java.lang.Object)'> (0x000000070ffc87b0) 
thrown [./open/src/hotspot/share/interpreter/linkResolver.cpp, line 782]
Event: 0.473 Thread 0x00007fc79081b200 Exception <a 'java/lang/NoSuchMethodError'{0x000000070ffcbf98}: 'java.lang.Object java.lang.invoke.DirectMethodHandle$Holder.invokeStaticInit(java.lang.Object)'> (0x000000070ffcbf98) 
thrown [./open/src/hotspot/share/interpreter/linkResolver.cpp, line 782]
Event: 0.491 Thread 0x00007fc79081b200 Exception <a 'java/lang/NoSuchMethodError'{0x000000070ffd9d48}: 'void java.lang.invoke.DirectMethodHandle$Holder.invokeStatic(java.lang.Object, java.lang.Object)'> (0x000000070ffd9d48) 
thrown [./open/src/hotspot/share/interpreter/linkResolver.cpp, line 782]

Events (20 events):
Event: 799.087 Executing VM operation: G1CollectForAllocation done
Event: 799.088 Executing VM operation: G1Concurrent
Event: 799.089 Executing VM operation: G1Concurrent done
Event: 799.116 Executing VM operation: G1CollectForAllocation
Event: 799.127 Executing VM operation: G1CollectForAllocation done
Event: 799.153 Executing VM operation: G1CollectForAllocation
Event: 799.165 Executing VM operation: G1CollectForAllocation done
Event: 799.176 Executing VM operation: G1Concurrent
Event: 799.176 Executing VM operation: G1Concurrent done
Event: 799.180 Executing VM operation: G1CollectForAllocation
Event: 799.188 Executing VM operation: G1CollectForAllocation done
Event: 799.201 Executing VM operation: G1TryInitiateConcMark
Event: 799.211 Executing VM operation: G1TryInitiateConcMark done
Event: 799.314 Executing VM operation: G1Concurrent
Event: 799.315 Executing VM operation: G1Concurrent done
Event: 799.429 Executing VM operation: G1Concurrent
Event: 799.429 Executing VM operation: G1Concurrent done
Event: 805.105 Executing VM operation: G1TryInitiateConcMark
Event: 805.124 Executing VM operation: G1TryInitiateConcMark done
Event: 805.126 Executing VM operation: G1Concurrent


Dynamic libraries:
0x00007ffdffccd000 	/Library/Apple/usr/libexec/oah/runtime
0x00007fff2a625000 	/usr/lib/libz.1.dylib
0x000000010b297000 	/Library/Java/JavaVirtualMachines/jdk-15.0.2.jdk/Contents/Home/lib/libjli.dylib
0x00007fff352d7000 	/System/Library/Frameworks/Cocoa.framework/Versions/A/Cocoa
0x00007fff2217c000 	/System/Library/Frameworks/Security.framework/Versions/A/Security
0x00007fff334d4000 	/System/Library/Frameworks/ApplicationServices.framework/Versions/A/ApplicationServices
0x00007fff2a6f1000 	/usr/lib/libSystem.B.dylib
0x00007fff2a6eb000 	/usr/lib/system/libcache.dylib
0x00007fff2a6a7000 	/usr/lib/system/libcommonCrypto.dylib
0x00007fff2a6d1000 	/usr/lib/system/libcompiler_rt.dylib
0x00007fff2a6c6000 	/usr/lib/system/libcopyfile.dylib
0x00007fff2011a000 	/usr/lib/system/libcorecrypto.dylib
0x00007fff201e7000 	/usr/lib/system/libdispatch.dylib
0x00007fff2039c000 	/usr/lib/system/libdyld.dylib
0x00007fff2a6e2000 	/usr/lib/system/libkeymgr.dylib
0x00007fff2dc86000 	/usr/lib/system/liblaunch.dylib
0x00007fff2a685000 	/usr/lib/system/libmacho.dylib
0x00007fff29e9a000 	/usr/lib/system/libquarantine.dylib
0x00007fff2a6df000 	/usr/lib/system/libremovefile.dylib
0x00007fff24b13000 	/usr/lib/system/libsystem_asl.dylib
0x00007fff200ca000 	/usr/lib/system/libsystem_blocks.dylib
0x00007fff20269000 	/usr/lib/system/libsystem_c.dylib
0x00007fff2a6d9000 	/usr/lib/system/libsystem_collections.dylib
0x00007fff29287000 	/usr/lib/system/libsystem_configuration.dylib
0x00007fff28573000 	/usr/lib/system/libsystem_containermanager.dylib
0x00007fff2a41d000 	/usr/lib/system/libsystem_coreservices.dylib
0x00007fff22730000 	/usr/lib/system/libsystem_darwin.dylib
0x00007fff2a6e3000 	/usr/lib/system/libsystem_dnssd.dylib
0x00007fff20266000 	/usr/lib/system/libsystem_featureflags.dylib
0x00007fff203e1000 	/usr/lib/system/libsystem_info.dylib
0x00007fff2a638000 	/usr/lib/system/libsystem_m.dylib
0x00007fff201ba000 	/usr/lib/system/libsystem_malloc.dylib
0x00007fff24aa7000 	/usr/lib/system/libsystem_networkextension.dylib
0x00007fff22b4b000 	/usr/lib/system/libsystem_notify.dylib
0x00007fff3013a000 	/usr/lib/system/libsystem_product_info_filter.dylib
0x00007fff2928b000 	/usr/lib/system/libsystem_sandbox.dylib
0x00007fff2a6dc000 	/usr/lib/system/libsystem_secinit.dylib
0x00007fff20361000 	/usr/lib/system/libsystem_kernel.dylib
0x00007fff203d7000 	/usr/lib/system/libsystem_platform.dylib
0x00007fff20390000 	/usr/lib/system/libsystem_pthread.dylib
0x00007fff26241000 	/usr/lib/system/libsystem_symptoms.dylib
0x00007fff20102000 	/usr/lib/system/libsystem_trace.dylib
0x00007fff2a6b3000 	/usr/lib/system/libunwind.dylib
0x00007fff200cc000 	/usr/lib/system/libxpc.dylib
0x00007fff20348000 	/usr/lib/libc++abi.dylib
0x00007fff2022c000 	/usr/lib/libobjc.A.dylib
0x00007fff2a6be000 	/usr/lib/liboah.dylib
0x00007fff202f2000 	/usr/lib/libc++.1.dylib
0x00007fff2040d000 	/System/Library/Frameworks/CoreFoundation.framework/Versions/A/CoreFoundation
0x00007fff210ef000 	/System/Library/Frameworks/Foundation.framework/Versions/C/Foundation
0x00007fff22ba3000 	/System/Library/Frameworks/AppKit.framework/Versions/C/AppKit
0x00007fff25a61000 	/System/Library/Frameworks/CoreData.framework/Versions/A/CoreData
0x00007fff23906000 	/System/Library/PrivateFrameworks/UIFoundation.framework/Versions/A/UIFoundation
0x00007fff2feb3000 	/System/Library/PrivateFrameworks/RemoteViewServices.framework/Versions/A/RemoteViewServices
0x00007fff28c3d000 	/System/Library/PrivateFrameworks/XCTTargetBootstrap.framework/Versions/A/XCTTargetBootstrap
0x00007fff2b98f000 	/usr/lib/libspindump.dylib
0x00007fff23b5b000 	/System/Library/Frameworks/UniformTypeIdentifiers.framework/Versions/A/UniformTypeIdentifiers
0x00007fff27413000 	/usr/lib/libapp_launch_measurement.dylib
0x00007fff27416000 	/System/Library/PrivateFrameworks/CoreAutoLayout.framework/Versions/A/CoreAutoLayout
0x00007fff2859f000 	/System/Library/Frameworks/Metal.framework/Versions/A/Metal
0x00007fff29296000 	/usr/lib/liblangid.dylib
0x00007fff28c41000 	/System/Library/PrivateFrameworks/CoreSVG.framework/Versions/A/CoreSVG
0x00007fff24b42000 	/System/Library/PrivateFrameworks/SkyLight.framework/Versions/A/SkyLight
0x00007fff24ea9000 	/System/Library/Frameworks/CoreGraphics.framework/Versions/A/CoreGraphics
0x00007fff3050a000 	/System/Library/Frameworks/Accelerate.framework/Versions/A/Accelerate
0x00007fff2b3ca000 	/System/Library/PrivateFrameworks/IconServices.framework/Versions/A/IconServices
0x00007fff28584000 	/System/Library/Frameworks/IOSurface.framework/Versions/A/IOSurface
0x00007fff263f3000 	/usr/lib/libDiagnosticMessagesClient.dylib
0x00007fff28c29000 	/System/Library/PrivateFrameworks/DFRFoundation.framework/Versions/A/DFRFoundation
0x00007fff224ce000 	/usr/lib/libicucore.A.dylib
0x00007fff2ced4000 	/System/Library/Frameworks/AudioToolbox.framework/Versions/A/AudioToolbox
0x00007fff2c179000 	/System/Library/PrivateFrameworks/DataDetectorsCore.framework/Versions/A/DataDetectorsCore
0x00007fff28929000 	/System/Library/Frameworks/Carbon.framework/Versions/A/Frameworks/HIToolbox.framework/Versions/A/HIToolbox
0x00007fff26e6e000 	/System/Library/Frameworks/QuartzCore.framework/Versions/A/QuartzCore
0x00007fff2feef000 	/System/Library/Frameworks/Carbon.framework/Versions/A/Frameworks/SpeechRecognition.framework/Versions/A/SpeechRecognition
0x00007fff2717b000 	/System/Library/PrivateFrameworks/CoreUI.framework/Versions/A/CoreUI
0x00007fff21ad7000 	/System/Library/Frameworks/CoreAudio.framework/Versions/A/CoreAudio
0x00007fff264de000 	/System/Library/Frameworks/DiskArbitration.framework/Versions/A/DiskArbitration
0x00007fff2bd89000 	/System/Library/PrivateFrameworks/MultitouchSupport.framework/Versions/A/MultitouchSupport
0x00007fff2c170000 	/System/Library/PrivateFrameworks/InternationalSupport.framework/Versions/A/InternationalSupport
0x00007fff24ab6000 	/usr/lib/libenergytrace.dylib
0x00007fff22a9c000 	/System/Library/Frameworks/IOKit.framework/Versions/A/IOKit
0x00007fff3023c000 	/System/Library/Frameworks/CoreServices.framework/Versions/A/CoreServices
0x00007fff273a9000 	/System/Library/PrivateFrameworks/PerformanceAnalysis.framework/Versions/A/PerformanceAnalysis
0x00007fff6cbb1000 	/System/Library/Frameworks/OpenGL.framework/Versions/A/OpenGL
0x00007fff2c1f5000 	/System/Library/PrivateFrameworks/UserActivity.framework/Versions/A/UserActivity
0x00007fff25563000 	/System/Library/Frameworks/ColorSync.framework/Versions/A/ColorSync
0x00007fff28ead000 	/System/Library/Frameworks/CoreImage.framework/Versions/A/CoreImage
0x00007fff218ee000 	/System/Library/Frameworks/CoreText.framework/Versions/A/CoreText
0x00007fff28c6b000 	/System/Library/Frameworks/ImageIO.framework/Versions/A/ImageIO
0x00007fff2a6f7000 	/System/Library/PrivateFrameworks/SoftLinking.framework/Versions/A/SoftLinking
0x00007fff2745f000 	/usr/lib/libxml2.2.dylib
0x00007fff2a969000 	/usr/lib/libcompression.dylib
0x00007fff24ab7000 	/usr/lib/libMobileGestalt.dylib
0x00007fff2c0a3000 	/System/Library/PrivateFrameworks/TextureIO.framework/Versions/A/TextureIO
0x00007fff2b057000 	/usr/lib/libate.dylib
0x00007fff2ad82000 	/usr/lib/liblzma.5.dylib
0x00007fff20e03000 	/System/Library/Frameworks/SystemConfiguration.framework/Versions/A/SystemConfiguration
0x00007fff2a6f3000 	/usr/lib/libfakelink.dylib
0x00007fff24609000 	/System/Library/Frameworks/CFNetwork.framework/Versions/A/CFNetwork
0x00007fff2a833000 	/usr/lib/libarchive.2.dylib
0x00007fff20e81000 	/usr/lib/libCRFSuite.dylib
0x00007fff29ec1000 	/usr/lib/libbsm.0.dylib
0x00007fff23fc5000 	/usr/lib/libnetwork.dylib
0x00007fff2a6f8000 	/usr/lib/libpcap.A.dylib
0x00007fff2623a000 	/usr/lib/libdns_services.dylib
0x00007fff2ad9b000 	/usr/lib/libcoretls_cfhelpers.dylib
0x00007fff2a937000 	/usr/lib/libapple_nghttp2.dylib
0x00007fff2a68b000 	/usr/lib/system/libkxld.dylib
0x00007fff25ea8000 	/usr/lib/libsqlite3.dylib
0x00007fff2a3ff000 	/System/Library/PrivateFrameworks/AppleFSCompression.framework/Versions/A/AppleFSCompression
0x00007fff29ea9000 	/usr/lib/libcoretls.dylib
0x00007fff2a964000 	/usr/lib/libpam.2.dylib
0x00007fff2ae98000 	/usr/lib/libxar.1.dylib
0x00007fff29292000 	/System/Library/PrivateFrameworks/AppleSystemInfo.framework/Versions/A/AppleSystemInfo
0x00007fff29aec000 	/System/Library/PrivateFrameworks/IOMobileFramebuffer.framework/Versions/A/IOMobileFramebuffer
0x00007fff2a40f000 	/usr/lib/libbz2.1.0.dylib
0x00007fff2a730000 	/usr/lib/libiconv.2.dylib
0x00007fff2a684000 	/usr/lib/libcharset.1.dylib
0x00007fff273e5000 	/System/Library/Frameworks/CoreServices.framework/Versions/A/Frameworks/FSEvents.framework/Versions/A/FSEvents
0x00007fff2273a000 	/System/Library/Frameworks/CoreServices.framework/Versions/A/Frameworks/CarbonCore.framework/Versions/A/CarbonCore
0x00007fff26443000 	/System/Library/Frameworks/CoreServices.framework/Versions/A/Frameworks/Metadata.framework/Versions/A/Metadata
0x00007fff2a422000 	/System/Library/Frameworks/CoreServices.framework/Versions/A/Frameworks/OSServices.framework/Versions/A/OSServices
0x00007fff2a8a5000 	/System/Library/Frameworks/CoreServices.framework/Versions/A/Frameworks/SearchKit.framework/Versions/A/SearchKit
0x00007fff261c4000 	/System/Library/Frameworks/CoreServices.framework/Versions/A/Frameworks/AE.framework/Versions/A/AE
0x00007fff208a9000 	/System/Library/Frameworks/CoreServices.framework/Versions/A/Frameworks/LaunchServices.framework/Versions/A/LaunchServices
0x00007fff2ad33000 	/System/Library/Frameworks/CoreServices.framework/Versions/A/Frameworks/DictionaryServices.framework/Versions/A/DictionaryServices
0x00007fff273ee000 	/System/Library/Frameworks/CoreServices.framework/Versions/A/Frameworks/SharedFileList.framework/Versions/A/SharedFileList
0x00007fff29e9d000 	/usr/lib/libCheckFix.dylib
0x00007fff24b2a000 	/System/Library/PrivateFrameworks/TCC.framework/Versions/A/TCC
0x00007fff29298000 	/System/Library/PrivateFrameworks/CoreNLP.framework/Versions/A/CoreNLP
0x00007fff263f6000 	/System/Library/PrivateFrameworks/MetadataUtilities.framework/Versions/A/MetadataUtilities
0x00007fff20eb7000 	/usr/lib/libmecabra.dylib
0x00007fff2a1b1000 	/System/Library/Frameworks/MLCompute.framework/Versions/A/MLCompute
0x00007fff29ed2000 	/usr/lib/libmecab.dylib
0x00007fff29f1c000 	/usr/lib/libgermantok.dylib
0x00007fff2a90d000 	/usr/lib/libThaiTokenizer.dylib
0x00007fff2aed3000 	/usr/lib/libChineseTokenizer.dylib
0x00007fff2a962000 	/System/Library/Frameworks/MetalPerformanceShaders.framework/Versions/A/MetalPerformanceShaders
0x00007fff264e5000 	/System/Library/Frameworks/Accelerate.framework/Versions/A/Frameworks/vImage.framework/Versions/A/vImage
0x00007fff30215000 	/System/Library/Frameworks/Accelerate.framework/Versions/A/Frameworks/vecLib.framework/Versions/A/vecLib
0x00007fff2aede000 	/System/Library/Frameworks/Accelerate.framework/Versions/A/Frameworks/vecLib.framework/Versions/A/libvMisc.dylib
0x00007fff29948000 	/System/Library/Frameworks/Accelerate.framework/Versions/A/Frameworks/vecLib.framework/Versions/A/libvDSP.dylib
0x00007fff20bad000 	/System/Library/Frameworks/Accelerate.framework/Versions/A/Frameworks/vecLib.framework/Versions/A/libBLAS.dylib
0x00007fff2a988000 	/System/Library/Frameworks/Accelerate.framework/Versions/A/Frameworks/vecLib.framework/Versions/A/libLAPACK.dylib
0x00007fff29f22000 	/System/Library/Frameworks/Accelerate.framework/Versions/A/Frameworks/vecLib.framework/Versions/A/libLinearAlgebra.dylib
0x00007fff2a94f000 	/System/Library/Frameworks/Accelerate.framework/Versions/A/Frameworks/vecLib.framework/Versions/A/libSparseBLAS.dylib
0x00007fff2a982000 	/System/Library/Frameworks/Accelerate.framework/Versions/A/Frameworks/vecLib.framework/Versions/A/libQuadrature.dylib
0x00007fff29340000 	/System/Library/Frameworks/Accelerate.framework/Versions/A/Frameworks/vecLib.framework/Versions/A/libBNNS.dylib
0x00007fff20d94000 	/System/Library/Frameworks/Accelerate.framework/Versions/A/Frameworks/vecLib.framework/Versions/A/libSparse.dylib
0x00007fff2922b000 	/System/Library/Frameworks/MetalPerformanceShaders.framework/Versions/A/Frameworks/MPSCore.framework/Versions/A/MPSCore
0x00007fff2a36e000 	/System/Library/Frameworks/MetalPerformanceShaders.framework/Versions/A/Frameworks/MPSImage.framework/Versions/A/MPSImage
0x00007fff29f39000 	/System/Library/Frameworks/MetalPerformanceShaders.framework/Versions/A/Frameworks/MPSNeuralNetwork.framework/Versions/A/MPSNeuralNetwork
0x00007fff2a2f9000 	/System/Library/Frameworks/MetalPerformanceShaders.framework/Versions/A/Frameworks/MPSMatrix.framework/Versions/A/MPSMatrix
0x00007fff2a161000 	/System/Library/Frameworks/MetalPerformanceShaders.framework/Versions/A/Frameworks/MPSRayIntersector.framework/Versions/A/MPSRayIntersector
0x00007fff2a330000 	/System/Library/Frameworks/MetalPerformanceShaders.framework/Versions/A/Frameworks/MPSNDArray.framework/Versions/A/MPSNDArray
0x00007fff20ad9000 	/System/Library/PrivateFrameworks/MetalTools.framework/Versions/A/MetalTools
0x00007fff29290000 	/System/Library/PrivateFrameworks/AggregateDictionary.framework/Versions/A/AggregateDictionary
0x00007fff263ce000 	/System/Library/PrivateFrameworks/CoreAnalytics.framework/Versions/A/CoreAnalytics
0x00007fff2a90f000 	/System/Library/PrivateFrameworks/AppleSauce.framework/Versions/A/AppleSauce
0x00007fff28596000 	/System/Library/PrivateFrameworks/IOAccelerator.framework/Versions/A/IOAccelerator
0x00007fff6cba5000 	/System/Library/Frameworks/OpenGL.framework/Versions/A/Libraries/libCoreFSCache.dylib
0x00007fff21453000 	/System/Library/PrivateFrameworks/LanguageModeling.framework/Versions/A/LanguageModeling
0x00007fff29ad9000 	/System/Library/PrivateFrameworks/CoreEmoji.framework/Versions/A/CoreEmoji
0x00007fff29339000 	/System/Library/PrivateFrameworks/LinguisticData.framework/Versions/A/LinguisticData
0x00007fff20d46000 	/System/Library/PrivateFrameworks/Lexicon.framework/Versions/A/Lexicon
0x00007fff2a821000 	/usr/lib/libcmph.dylib
0x00007fff273c5000 	/System/Library/Frameworks/OpenDirectory.framework/Versions/A/Frameworks/CFOpenDirectory.framework/Versions/A/CFOpenDirectory
0x00007fff273b5000 	/System/Library/Frameworks/OpenDirectory.framework/Versions/A/OpenDirectory
0x00007fff2ad9d000 	/System/Library/PrivateFrameworks/APFS.framework/Versions/A/APFS
0x00007fff29dfe000 	/System/Library/Frameworks/SecurityFoundation.framework/Versions/A/SecurityFoundation
0x00007fff2aea6000 	/usr/lib/libutil.dylib
0x00007fff22a61000 	/System/Library/PrivateFrameworks/CoreServicesStore.framework/Versions/A/CoreServicesStore
0x00007fff29e95000 	/System/Library/Frameworks/ServiceManagement.framework/Versions/A/ServiceManagement
0x00007fff2aeaa000 	/usr/lib/libxslt.1.dylib
0x00007fff29e8b000 	/System/Library/PrivateFrameworks/BackgroundTaskManagement.framework/Versions/A/BackgroundTaskManagement
0x00007fff2bfee000 	/System/Library/Frameworks/ImageIO.framework/Versions/A/Resources/libRadiance.dylib
0x00007fff2bff7000 	/System/Library/Frameworks/ImageIO.framework/Versions/A/Resources/libJPEG.dylib
0x00007fff2bf43000 	/System/Library/Frameworks/ImageIO.framework/Versions/A/Resources/libPng.dylib
0x00007fff2bf6a000 	/System/Library/Frameworks/ImageIO.framework/Versions/A/Resources/libTIFF.dylib
0x00007fff2c04c000 	/System/Library/Frameworks/ImageIO.framework/Versions/A/Resources/libGIF.dylib
0x00007fff2bca7000 	/System/Library/Frameworks/ImageIO.framework/Versions/A/Resources/libJP2.dylib
0x00007fff2b391000 	/usr/lib/libexpat.1.dylib
0x00007fff2bc5c000 	/System/Library/PrivateFrameworks/AppleJPEG.framework/Versions/A/AppleJPEG
0x00007fff287cc000 	/System/Library/PrivateFrameworks/FontServices.framework/libFontParser.dylib
0x00007fff26178000 	/System/Library/PrivateFrameworks/RunningBoardServices.framework/Versions/A/RunningBoardServices
0x00007fff2bd85000 	/System/Library/PrivateFrameworks/WatchdogClient.framework/Versions/A/WatchdogClient
0x00007fff21540000 	/System/Library/Frameworks/CoreDisplay.framework/Versions/A/CoreDisplay
0x00007fff286e2000 	/System/Library/Frameworks/CoreMedia.framework/Versions/A/CoreMedia
0x00007fff27542000 	/System/Library/Frameworks/CoreVideo.framework/Versions/A/CoreVideo
0x00007fff2bdbd000 	/System/Library/Frameworks/VideoToolbox.framework/Versions/A/VideoToolbox
0x00007fff260f6000 	/System/Library/PrivateFrameworks/BaseBoard.framework/Versions/A/BaseBoard
0x00007fff2b4d6000 	/System/Library/PrivateFrameworks/PersistentConnection.framework/Versions/A/PersistentConnection
0x00007fff25e91000 	/System/Library/PrivateFrameworks/ProtocolBuffer.framework/Versions/A/ProtocolBuffer
0x00007fff260dd000 	/System/Library/PrivateFrameworks/CommonUtilities.framework/Versions/A/CommonUtilities
0x00007fff2bbf1000 	/System/Library/PrivateFrameworks/Bom.framework/Versions/A/Bom
0x00007fff2bfe7000 	/System/Library/PrivateFrameworks/GPUWrangler.framework/Versions/A/GPUWrangler
0x00007fff2bfca000 	/System/Library/PrivateFrameworks/IOPresentment.framework/Versions/A/IOPresentment
0x00007fff2bff1000 	/System/Library/PrivateFrameworks/DSExternalDisplay.framework/Versions/A/DSExternalDisplay
0x00007fff2c051000 	/System/Library/PrivateFrameworks/CMCaptureCore.framework/Versions/A/CMCaptureCore
0x00007fff2b976000 	/System/Library/PrivateFrameworks/AppServerSupport.framework/Versions/A/AppServerSupport
0x00007fff2da25000 	/System/Library/PrivateFrameworks/perfdata.framework/Versions/A/perfdata
0x00007fff29ded000 	/System/Library/PrivateFrameworks/AssertionServices.framework/Versions/A/AssertionServices
0x00007fff21677000 	/System/Library/PrivateFrameworks/AudioToolboxCore.framework/Versions/A/AudioToolboxCore
0x00007fff286c5000 	/System/Library/PrivateFrameworks/caulk.framework/Versions/A/caulk
0x00007fff3d6d0000 	/System/Library/PrivateFrameworks/SystemPolicy.framework/Versions/A/SystemPolicy
0x00007fff2b186000 	/usr/lib/libIOReport.dylib
0x00007fff2d247000 	/usr/lib/libSMC.dylib
0x00007fff2bf10000 	/usr/lib/libAudioToolboxUtility.dylib
0x00007fff3e03a000 	/usr/lib/libmis.dylib
0x00007fff6cc01000 	/System/Library/Frameworks/OpenGL.framework/Versions/A/Libraries/libGLU.dylib
0x00007fff6cbc4000 	/System/Library/Frameworks/OpenGL.framework/Versions/A/Libraries/libGFXShared.dylib
0x00007fff6cdd3000 	/System/Library/Frameworks/OpenGL.framework/Versions/A/Libraries/libGL.dylib
0x00007fff6cbcd000 	/System/Library/Frameworks/OpenGL.framework/Versions/A/Libraries/libGLImage.dylib
0x00007fff6cbc1000 	/System/Library/Frameworks/OpenGL.framework/Versions/A/Libraries/libCVMSPluginSupport.dylib
0x00007fff6cbac000 	/System/Library/Frameworks/OpenGL.framework/Versions/A/Libraries/libCoreVMClient.dylib
0x00007fff6e214000 	/System/Library/Frameworks/OpenCL.framework/Versions/A/OpenCL
0x00007fff2b500000 	/System/Library/PrivateFrameworks/GraphVisualizer.framework/Versions/A/GraphVisualizer
0x00007fff2b50f000 	/System/Library/PrivateFrameworks/FaceCore.framework/Versions/A/FaceCore
0x00007fff2b92b000 	/System/Library/PrivateFrameworks/OTSVG.framework/Versions/A/OTSVG
0x00007fff27139000 	/System/Library/Frameworks/ApplicationServices.framework/Versions/A/Frameworks/ATS.framework/Versions/A/Resources/libFontRegistry.dylib
0x00007fff2b97d000 	/System/Library/PrivateFrameworks/FontServices.framework/libhvf.dylib
0x00007fff2b33d000 	/System/Library/PrivateFrameworks/AppleVA.framework/Versions/A/AppleVA
0x00007fff2d090000 	/System/Library/Frameworks/ApplicationServices.framework/Versions/A/Frameworks/ATS.framework/Versions/A/ATS
0x00007fff2d3a2000 	/System/Library/Frameworks/ApplicationServices.framework/Versions/A/Frameworks/ColorSyncLegacy.framework/Versions/A/ColorSyncLegacy
0x00007fff2565a000 	/System/Library/Frameworks/ApplicationServices.framework/Versions/A/Frameworks/HIServices.framework/Versions/A/HIServices
0x00007fff2d387000 	/System/Library/Frameworks/ApplicationServices.framework/Versions/A/Frameworks/LangAnalysis.framework/Versions/A/LangAnalysis
0x00007fff2c05b000 	/System/Library/Frameworks/ApplicationServices.framework/Versions/A/Frameworks/PrintCore.framework/Versions/A/PrintCore
0x00007fff2d3aa000 	/System/Library/Frameworks/ApplicationServices.framework/Versions/A/Frameworks/QD.framework/Versions/A/QD
0x00007fff2d080000 	/System/Library/Frameworks/ApplicationServices.framework/Versions/A/Frameworks/SpeechSynthesis.framework/Versions/A/SpeechSynthesis
0x00007fff2c01c000 	/System/Library/Frameworks/ApplicationServices.framework/Versions/A/Frameworks/ATSUI.framework/Versions/A/ATSUI
0x00007fff2d327000 	/usr/lib/libcups.2.dylib
0x00007fff2d397000 	/System/Library/PrivateFrameworks/NetAuth.framework/Versions/A/NetAuth
0x00007fff2da41000 	/System/Library/Frameworks/Kerberos.framework/Versions/A/Kerberos
0x00007fff2da51000 	/System/Library/Frameworks/GSS.framework/Versions/A/GSS
0x00007fff2d0fc000 	/usr/lib/libresolv.9.dylib
0x00007fff2b992000 	/System/Library/PrivateFrameworks/Heimdal.framework/Versions/A/Heimdal
0x00007fff337d5000 	/System/Library/Frameworks/Kerberos.framework/Versions/A/Libraries/libHeimdalProxy.dylib
0x00007fff26249000 	/System/Library/Frameworks/Network.framework/Versions/A/Network
0x00007fff2b3ab000 	/usr/lib/libheimdal-asn1.dylib
0x00007fff2daa1000 	/System/Library/PrivateFrameworks/CommonAuth.framework/Versions/A/CommonAuth
0x00007fff2758f000 	/System/Library/PrivateFrameworks/login.framework/Versions/A/Frameworks/loginsupport.framework/Versions/A/loginsupport
0x00007fff2d005000 	/System/Library/PrivateFrameworks/AudioSession.framework/Versions/A/AudioSession
0x00007fff2d06d000 	/usr/lib/libAudioStatistics.dylib
0x00007fff2b438000 	/System/Library/PrivateFrameworks/MediaExperience.framework/Versions/A/MediaExperience
0x00007fff2cea2000 	/System/Library/PrivateFrameworks/AudioSession.framework/libSessionUtility.dylib
0x00007fff2da32000 	/usr/lib/libperfcheck.dylib
0x00007fff2d3b6000 	/System/Library/PrivateFrameworks/AudioResourceArbitration.framework/Versions/A/AudioResourceArbitration
0x00007fff2b3b5000 	/System/Library/PrivateFrameworks/IconFoundation.framework/Versions/A/IconFoundation
0x00007fff2fedf000 	/System/Library/PrivateFrameworks/SpeechRecognitionCore.framework/Versions/A/SpeechRecognitionCore
0x000000010f800000 	/Library/Java/JavaVirtualMachines/jdk-15.0.2.jdk/Contents/Home/lib/server/libjvm.dylib
0x000000010b31f000 	/Library/Java/JavaVirtualMachines/jdk-15.0.2.jdk/Contents/Home/lib/libjimage.dylib
0x0000000111e78000 	/private/var/folders/v4/vz_zf1611fj4q03gd41m86jw0000gp/T/libasyncProfiler.so
0x000000010b349000 	/Library/Java/JavaVirtualMachines/jdk-15.0.2.jdk/Contents/Home/lib/libinstrument.dylib
0x000000010b36e000 	/Library/Java/JavaVirtualMachines/jdk-15.0.2.jdk/Contents/Home/lib/libjava.dylib
0x0000000137410000 	/Library/Java/JavaVirtualMachines/jdk-15.0.2.jdk/Contents/Home/lib/libzip.dylib
0x000000013742d000 	/Library/Java/JavaVirtualMachines/jdk-15.0.2.jdk/Contents/Home/lib/libnio.dylib
0x000000013745b000 	/Library/Java/JavaVirtualMachines/jdk-15.0.2.jdk/Contents/Home/lib/libnet.dylib
0x0000000137529000 	/Library/Java/JavaVirtualMachines/jdk-15.0.2.jdk/Contents/Home/lib/libextnet.dylib


VM Arguments:
jvm_args: -agentpath:/private/var/folders/v4/vz_zf1611fj4q03gd41m86jw0000gp/T/libasyncProfiler.so=start,jfr,interval=1ms,framebuf=15000000,file=/private/var/folders/v4/vz_zf1611fj4q03gd41m86jw0000gp/T/asyncprofiler.jfr -javaagent:/Applications/IntelliJ IDEA.app/Contents/lib/idea_rt.jar=56305:/Applications/IntelliJ IDEA.app/Contents/bin -Dfile.encoding=UTF-8 
java_command: QSortRecursionLimitTest
java_class_path (initial): /Users/sidda/IdeaProjects/Project8CS1C/out/production/Project8CS1C
Launcher Type: SUN_STANDARD

[Global flags]
     intx CICompilerCount                          = 4                                         {product} {ergonomic}
     uint ConcGCThreads                            = 2                                         {product} {ergonomic}
     uint G1ConcRefinementThreads                  = 8                                         {product} {ergonomic}
   size_t G1HeapRegionSize                         = 2097152                                   {product} {ergonomic}
    uintx GCDrainStackTargetSize                   = 64                                        {product} {ergonomic}
   size_t InitialHeapSize                          = 268435456                                 {product} {ergonomic}
   size_t MarkStackSize                            = 4194304                                   {product} {ergonomic}
   size_t MaxHeapSize                              = 4294967296                                {product} {ergonomic}
   size_t MaxNewSize                               = 2575302656                                {product} {ergonomic}
   size_t MinHeapDeltaBytes                        = 2097152                                   {product} {ergonomic}
   size_t MinHeapSize                              = 8388608                                   {product} {ergonomic}
    uintx NonNMethodCodeHeapSize                   = 5839372                                {pd product} {ergonomic}
    uintx NonProfiledCodeHeapSize                  = 122909434                              {pd product} {ergonomic}
    uintx ProfiledCodeHeapSize                     = 122909434                              {pd product} {ergonomic}
    uintx ReservedCodeCacheSize                    = 251658240                              {pd product} {ergonomic}
     bool SegmentedCodeCache                       = true                                      {product} {ergonomic}
   size_t SoftMaxHeapSize                          = 4294967296                             {manageable} {ergonomic}
     bool UseCompressedClassPointers               = true                                 {lp64_product} {ergonomic}
     bool UseCompressedOops                        = true                                 {lp64_product} {ergonomic}
     bool UseG1GC                                  = true                                      {product} {ergonomic}
     bool UseNUMA                                  = false                                     {product} {ergonomic}
     bool UseNUMAInterleaving                      = false                                     {product} {ergonomic}

Logging:
Log output configuration:
 #0: stdout all=warning uptime,level,tags
 #1: stderr all=off uptime,level,tags

Environment Variables:
PATH=/usr/local/bin:/usr/bin:/bin:/usr/sbin:/sbin
SHELL=/bin/zsh
LC_CTYPE=en_US.UTF-8

Signal Handlers:
SIGSEGV: [libjvm.dylib+0x9ff2f0], sa_mask[0]=11111111111111111111111111111111, sa_flags=SA_ONSTACK|SA_RESTART|SA_SIGINFO
SIGBUS: [libjvm.dylib+0x9ff2f0], sa_mask[0]=11111111111111111111111111111111, sa_flags=SA_RESTART|SA_SIGINFO
SIGFPE: [libjvm.dylib+0x9ff2f0], sa_mask[0]=11111111111111111111111111111111, sa_flags=SA_RESTART|SA_SIGINFO
SIGPIPE: [libjvm.dylib+0x82ae30], sa_mask[0]=11111111111111111111111111111111, sa_flags=SA_RESTART|SA_SIGINFO
SIGXFSZ: [libjvm.dylib+0x82ae30], sa_mask[0]=11111111111111111111111111111111, sa_flags=SA_RESTART|SA_SIGINFO
SIGILL: [libjvm.dylib+0x9ff2f0], sa_mask[0]=11111111111111111111111111111111, sa_flags=SA_RESTART|SA_SIGINFO
SIGUSR2: [libjvm.dylib+0x82b940], sa_mask[0]=00100000000000000000000000000000, sa_flags=SA_RESTART|SA_SIGINFO
SIGHUP: [libjvm.dylib+0x82a040], sa_mask[0]=11111111111111111111111111111111, sa_flags=SA_RESTART|SA_SIGINFO
SIGINT: [libjvm.dylib+0x82a040], sa_mask[0]=11111111111111111111111111111111, sa_flags=SA_RESTART|SA_SIGINFO
SIGTERM: [libjvm.dylib+0x82a040], sa_mask[0]=11111111111111111111111111111111, sa_flags=SA_RESTART|SA_SIGINFO
SIGQUIT: [libjvm.dylib+0x82a040], sa_mask[0]=11111111111111111111111111111111, sa_flags=SA_RESTART|SA_SIGINFO


---------------  S Y S T E M  ---------------

OS:uname: Darwin 20.3.0 Darwin Kernel Version 20.3.0: Thu Jan 21 00:06:51 PST 2021; root:xnu-7195.81.3~1/RELEASE_ARM64_T8101 x86_64
OS uptime: 0 days 17:45 hours
rlimit (soft/hard): STACK 8176k/65520k , CORE 0k/infinity , NPROC 2666/4000 , NOFILE 10240/infinity , AS infinity/infinity , CPU infinity/infinity , DATA infinity/infinity , FSIZE infinity/infinity , MEMLOCK infinity/infinity , RSS infinity/infinity
load average: 3.35 3.06 2.70

CPU: total 8 (initial active 8) (1 cores per cpu, 1 threads per core) family 6 model 44 stepping 0 microcode 0x0, cmov, cx8, fxsr, mmx, sse, sse2, sse3, ssse3, sse4.1, sse4.2, popcnt, aes, clmul, tsc, tscinvbit, tscinv, clflush

Memory: 4k page, physical 16777216k(58112k free), swap 2097152k(1176576k free)

vm_info: Java HotSpot(TM) 64-Bit Server VM (15.0.2+7-27) for bsd-amd64 JRE (15.0.2+7-27), built on Dec  7 2020 20:08:32 by "mach5one" with clang 4.2.1 Compatible Apple LLVM 10.0.0 (clang-1000.11.45.5)

END.
